TN:
SF:src\config\database.ts
FN:6,(anonymous_0)
FN:58,(anonymous_1)
FN:84,(anonymous_2)
FN:88,(anonymous_3)
FN:92,(anonymous_4)
FN:97,(anonymous_5)
FN:117,(anonymous_6)
FN:121,(anonymous_7)
FNF:8
FNH:0
FNDA:0,(anonymous_0)
FNDA:0,(anonymous_1)
FNDA:0,(anonymous_2)
FNDA:0,(anonymous_3)
FNDA:0,(anonymous_4)
FNDA:0,(anonymous_5)
FNDA:0,(anonymous_6)
FNDA:0,(anonymous_7)
DA:6,0
DA:7,0
DA:8,0
DA:9,0
DA:10,0
DA:11,0
DA:14,0
DA:17,0
DA:18,0
DA:19,0
DA:20,0
DA:21,0
DA:24,0
DA:25,0
DA:26,0
DA:29,0
DA:30,0
DA:33,0
DA:34,0
DA:35,0
DA:38,0
DA:39,0
DA:42,0
DA:43,0
DA:44,0
DA:47,0
DA:48,0
DA:50,0
DA:52,0
DA:58,0
DA:59,0
DA:60,0
DA:81,0
DA:84,0
DA:85,0
DA:88,0
DA:89,0
DA:92,0
DA:93,0
DA:97,0
DA:98,0
DA:99,0
DA:100,0
DA:101,0
DA:103,0
DA:104,0
DA:109,0
DA:111,0
DA:112,0
DA:117,0
DA:118,0
DA:119,0
DA:127,0
DA:128,0
LF:54
LH:0
BRDA:9,0,0,0
BRDA:9,0,1,0
BRDA:118,1,0,0
BRDA:118,1,1,0
BRDA:131,2,0,0
BRDA:131,2,1,0
BRF:6
BRH:0
end_of_record
TN:
SF:src\config\environment.ts
FN:5,(anonymous_0)
FN:21,(anonymous_1)
FN:38,(anonymous_2)
FN:80,(anonymous_3)
FN:84,(anonymous_4)
FN:100,(anonymous_5)
FN:127,(anonymous_6)
FN:155,(anonymous_7)
FN:158,(anonymous_8)
FN:161,(anonymous_9)
FNF:10
FNH:0
FNDA:0,(anonymous_0)
FNDA:0,(anonymous_1)
FNDA:0,(anonymous_2)
FNDA:0,(anonymous_3)
FNDA:0,(anonymous_4)
FNDA:0,(anonymous_5)
FNDA:0,(anonymous_6)
FNDA:0,(anonymous_7)
FNDA:0,(anonymous_8)
FNDA:0,(anonymous_9)
DA:5,0
DA:7,0
DA:16,0
DA:22,0
DA:23,0
DA:24,0
DA:28,0
DA:39,0
DA:40,0
DA:41,0
DA:42,0
DA:46,0
DA:48,0
DA:52,0
DA:80,0
DA:84,0
DA:100,0
DA:101,0
DA:102,0
DA:104,0
DA:105,0
DA:107,0
DA:123,0
DA:125,0
DA:126,0
DA:127,0
DA:130,0
DA:140,0
DA:143,0
DA:147,0
DA:152,0
DA:155,0
DA:158,0
DA:161,0
LF:34
LH:0
BRDA:8,0,0,0
BRDA:8,0,1,0
BRDA:8,0,2,0
BRDA:8,0,3,0
BRDA:23,1,0,0
BRDA:23,1,1,0
BRDA:23,2,0,0
BRDA:23,2,1,0
BRDA:23,2,2,0
BRDA:39,3,0,0
BRDA:39,3,1,0
BRDA:40,4,0,0
BRDA:40,4,1,0
BRDA:46,5,0,0
BRDA:46,5,1,0
BRDA:46,6,0,0
BRDA:46,6,1,0
BRDA:104,7,0,0
BRDA:104,7,1,0
BRDA:118,8,0,0
BRDA:118,8,1,0
BRDA:125,9,0,0
BRDA:125,9,1,0
BRF:23
BRH:0
end_of_record
TN:
SF:src\config\passport.ts
FN:18,(anonymous_0)
FN:23,(anonymous_1)
FN:43,(anonymous_2)
FN:111,(anonymous_3)
FN:168,generateUniqueUsername
FNF:5
FNH:0
FNDA:0,(anonymous_0)
FNDA:0,(anonymous_1)
FNDA:0,(anonymous_2)
FNDA:0,(anonymous_3)
FNDA:0,generateUniqueUsername
DA:18,0
DA:19,0
DA:23,0
DA:24,0
DA:25,0
DA:26,0
DA:28,0
DA:29,0
DA:34,0
DA:35,0
DA:50,0
DA:52,0
DA:54,0
DA:55,0
DA:59,0
DA:60,0
DA:61,0
DA:62,0
DA:64,0
DA:65,0
DA:66,0
DA:67,0
DA:73,0
DA:77,0
DA:89,0
DA:90,0
DA:91,0
DA:93,0
DA:94,0
DA:102,0
DA:103,0
DA:117,0
DA:119,0
DA:121,0
DA:122,0
DA:126,0
DA:127,0
DA:128,0
DA:129,0
DA:131,0
DA:132,0
DA:133,0
DA:134,0
DA:140,0
DA:143,0
DA:155,0
DA:156,0
DA:157,0
DA:159,0
DA:160,0
DA:169,0
DA:170,0
DA:172,0
DA:173,0
DA:174,0
DA:177,0
LF:56
LH:0
BRDA:34,0,0,0
BRDA:34,0,1,0
BRDA:34,1,0,0
BRDA:34,1,1,0
BRDA:41,2,0,0
BRDA:41,2,1,0
BRDA:54,3,0,0
BRDA:54,3,1,0
BRDA:60,4,0,0
BRDA:60,4,1,0
BRDA:62,5,0,0
BRDA:62,5,1,0
BRDA:65,6,0,0
BRDA:65,6,1,0
BRDA:73,7,0,0
BRDA:73,7,1,0
BRDA:73,7,2,0
BRDA:80,8,0,0
BRDA:80,8,1,0
BRDA:81,9,0,0
BRDA:81,9,1,0
BRDA:81,9,2,0
BRDA:102,10,0,0
BRDA:102,10,1,0
BRDA:102,11,0,0
BRDA:102,11,1,0
BRDA:109,12,0,0
BRDA:109,12,1,0
BRDA:121,13,0,0
BRDA:121,13,1,0
BRDA:127,14,0,0
BRDA:127,14,1,0
BRDA:129,15,0,0
BRDA:129,15,1,0
BRDA:132,16,0,0
BRDA:132,16,1,0
BRDA:140,17,0,0
BRDA:140,17,1,0
BRDA:146,18,0,0
BRDA:146,18,1,0
BRDA:147,19,0,0
BRDA:147,19,1,0
BRDA:147,20,0,0
BRDA:147,20,1,0
BRF:44
BRH:0
end_of_record
TN:
SF:src\config\swagger.ts
FNF:0
FNH:0
DA:4,0
DA:223,0
LF:2
LH:0
BRF:0
BRH:0
end_of_record
TN:
SF:src\controllers\adminController.ts
FN:7,(anonymous_1)
FN:47,(anonymous_2)
FN:89,(anonymous_3)
FN:131,(anonymous_4)
FN:221,(anonymous_5)
FN:314,(anonymous_6)
FN:403,(anonymous_7)
FN:440,(anonymous_8)
FN:474,(anonymous_9)
FN:549,(anonymous_10)
FN:571,(anonymous_11)
FN:572,(anonymous_12)
FN:582,(anonymous_13)
FN:588,(anonymous_14)
FN:620,(anonymous_15)
FN:716,(anonymous_16)
FN:809,(anonymous_17)
FN:892,(anonymous_18)
FN:910,(anonymous_19)
FN:933,(anonymous_20)
FN:996,(anonymous_21)
FN:1051,(anonymous_22)
FNF:22
FNH:7
FNDA:2,(anonymous_1)
FNDA:1,(anonymous_2)
FNDA:0,(anonymous_3)
FNDA:2,(anonymous_4)
FNDA:1,(anonymous_5)
FNDA:0,(anonymous_6)
FNDA:1,(anonymous_7)
FNDA:1,(anonymous_8)
FNDA:1,(anonymous_9)
FNDA:0,(anonymous_10)
FNDA:0,(anonymous_11)
FNDA:0,(anonymous_12)
FNDA:0,(anonymous_13)
FNDA:0,(anonymous_14)
FNDA:0,(anonymous_15)
FNDA:0,(anonymous_16)
FNDA:0,(anonymous_17)
FNDA:0,(anonymous_18)
FNDA:0,(anonymous_19)
FNDA:0,(anonymous_20)
FNDA:0,(anonymous_21)
FNDA:0,(anonymous_22)
DA:2,1
DA:3,1
DA:4,1
DA:5,1
DA:7,1
DA:8,2
DA:9,2
DA:19,2
DA:23,1
DA:32,1
DA:34,1
DA:43,1
DA:47,1
DA:48,1
DA:49,1
DA:59,1
DA:63,1
DA:72,1
DA:74,0
DA:83,0
DA:89,1
DA:90,0
DA:91,0
DA:101,0
DA:105,0
DA:114,0
DA:116,0
DA:125,0
DA:131,1
DA:132,2
DA:133,2
DA:134,2
DA:145,2
DA:146,2
DA:147,1
DA:156,1
DA:159,1
DA:160,1
DA:161,1
DA:162,1
DA:167,1
DA:170,1
DA:185,1
DA:186,1
DA:197,1
DA:207,0
DA:217,0
DA:221,1
DA:222,1
DA:223,1
DA:225,1
DA:226,1
DA:238,1
DA:239,1
DA:240,0
DA:249,0
DA:252,1
DA:253,1
DA:254,1
DA:259,1
DA:262,1
DA:278,1
DA:279,1
DA:290,1
DA:300,0
DA:310,0
DA:314,1
DA:315,0
DA:316,0
DA:317,0
DA:328,0
DA:329,0
DA:330,0
DA:339,0
DA:342,0
DA:343,0
DA:344,0
DA:349,0
DA:352,0
DA:367,0
DA:368,0
DA:379,0
DA:389,0
DA:399,0
DA:403,1
DA:404,1
DA:405,1
DA:407,1
DA:408,1
DA:409,1
DA:410,0
DA:414,1
DA:415,0
DA:421,1
DA:422,1
DA:423,1
DA:424,1
DA:430,0
DA:431,0
DA:433,0
DA:435,0
DA:436,0
DA:440,1
DA:441,1
DA:443,1
DA:444,1
DA:445,1
DA:446,0
DA:450,1
DA:451,1
DA:455,0
DA:456,0
DA:457,0
DA:458,0
DA:464,0
DA:466,0
DA:468,0
DA:469,0
DA:474,1
DA:475,1
DA:476,1
DA:493,1
DA:505,0
DA:515,0
DA:530,0
DA:532,1
DA:541,1
DA:549,1
DA:550,0
DA:551,0
DA:552,0
DA:554,0
DA:565,0
DA:570,0
DA:572,0
DA:583,0
DA:587,0
DA:588,0
DA:592,0
DA:603,0
DA:612,0
DA:620,1
DA:624,0
DA:625,0
DA:627,0
DA:628,0
DA:629,0
DA:635,0
DA:636,0
DA:637,0
DA:640,0
DA:641,0
DA:644,0
DA:645,0
DA:646,0
DA:647,0
DA:654,0
DA:657,0
DA:675,0
DA:676,0
DA:688,0
DA:691,0
DA:700,0
DA:710,0
DA:711,0
DA:716,1
DA:717,0
DA:718,0
DA:720,0
DA:721,0
DA:722,0
DA:728,0
DA:729,0
DA:730,0
DA:733,0
DA:734,0
DA:739,0
DA:740,0
DA:741,0
DA:742,0
DA:743,0
DA:744,0
DA:745,0
DA:752,0
DA:755,0
DA:772,0
DA:773,0
DA:786,0
DA:789,0
DA:801,0
DA:802,0
DA:809,1
DA:810,0
DA:811,0
DA:813,0
DA:814,0
DA:815,0
DA:816,0
DA:819,0
DA:820,0
DA:825,0
DA:826,0
DA:829,0
DA:830,0
DA:835,0
DA:836,0
DA:838,0
DA:847,0
DA:854,0
DA:857,0
DA:875,0
DA:884,0
DA:885,0
DA:892,1
DA:893,0
DA:894,0
DA:900,0
DA:902,0
DA:903,0
DA:910,1
DA:911,0
DA:912,0
DA:914,0
DA:915,0
DA:916,0
DA:922,0
DA:923,0
DA:928,0
DA:932,0
DA:933,0
DA:936,0
DA:937,0
DA:942,0
DA:943,0
DA:946,0
DA:947,0
DA:950,0
DA:957,0
DA:960,0
DA:979,0
DA:988,0
DA:989,0
DA:996,1
DA:1000,0
DA:1001,0
DA:1002,0
DA:1007,0
DA:1008,0
DA:1009,0
DA:1010,0
DA:1011,0
DA:1016,0
DA:1019,0
DA:1031,0
DA:1038,0
DA:1043,0
DA:1044,0
DA:1051,1
DA:1055,0
DA:1066,0
DA:1084,0
DA:1097,0
DA:1099,0
DA:1100,0
LF:264
LH:84
BRDA:146,0,0,1
BRDA:146,0,1,1
BRDA:185,1,0,1
BRDA:185,1,1,0
BRDA:239,2,0,0
BRDA:239,2,1,1
BRDA:257,3,0,1
BRDA:257,3,1,0
BRDA:278,4,0,1
BRDA:278,4,1,0
BRDA:284,5,0,1
BRDA:284,5,1,0
BRDA:329,6,0,0
BRDA:329,6,1,0
BRDA:367,7,0,0
BRDA:367,7,1,0
BRDA:409,8,0,0
BRDA:409,8,1,1
BRDA:414,9,0,0
BRDA:414,9,1,1
BRDA:421,10,0,1
BRDA:421,10,1,0
BRDA:421,11,0,1
BRDA:421,11,1,1
BRDA:423,12,0,1
BRDA:423,12,1,0
BRDA:445,13,0,0
BRDA:445,13,1,1
BRDA:450,14,0,1
BRDA:450,14,1,0
BRDA:455,15,0,0
BRDA:455,15,1,0
BRDA:457,16,0,0
BRDA:457,16,1,0
BRDA:551,17,0,0
BRDA:551,18,0,0
BRDA:628,19,0,0
BRDA:628,19,1,0
BRDA:628,20,0,0
BRDA:628,20,1,0
BRDA:636,21,0,0
BRDA:636,21,1,0
BRDA:640,22,0,0
BRDA:640,22,1,0
BRDA:721,23,0,0
BRDA:721,23,1,0
BRDA:721,24,0,0
BRDA:721,24,1,0
BRDA:729,25,0,0
BRDA:729,25,1,0
BRDA:733,26,0,0
BRDA:733,26,1,0
BRDA:815,27,0,0
BRDA:815,27,1,0
BRDA:819,28,0,0
BRDA:819,28,1,0
BRDA:825,29,0,0
BRDA:825,29,1,0
BRDA:829,30,0,0
BRDA:829,30,1,0
BRDA:915,31,0,0
BRDA:915,31,1,0
BRDA:915,32,0,0
BRDA:915,32,1,0
BRDA:923,33,0,0
BRDA:923,33,1,0
BRDA:924,34,0,0
BRDA:924,34,1,0
BRDA:924,34,2,0
BRDA:936,35,0,0
BRDA:936,35,1,0
BRDA:942,36,0,0
BRDA:942,36,1,0
BRDA:946,37,0,0
BRDA:946,37,1,0
BRDA:1020,38,0,0
BRDA:1020,38,1,0
BRF:77
BRH:15
end_of_record
TN:
SF:src\controllers\authController.ts
FN:44,(anonymous_1)
FN:111,(anonymous_2)
FN:218,(anonymous_3)
FN:223,(anonymous_4)
FN:385,(anonymous_5)
FN:458,(anonymous_6)
FN:540,(anonymous_7)
FN:609,(anonymous_8)
FN:650,(anonymous_9)
FN:723,(anonymous_10)
FN:784,(anonymous_11)
FN:802,(anonymous_12)
FN:828,(anonymous_13)
FN:871,(anonymous_14)
FN:915,(anonymous_15)
FNF:15
FNH:0
FNDA:0,(anonymous_1)
FNDA:0,(anonymous_2)
FNDA:0,(anonymous_3)
FNDA:0,(anonymous_4)
FNDA:0,(anonymous_5)
FNDA:0,(anonymous_6)
FNDA:0,(anonymous_7)
FNDA:0,(anonymous_8)
FNDA:0,(anonymous_9)
FNDA:0,(anonymous_10)
FNDA:0,(anonymous_11)
FNDA:0,(anonymous_12)
FNDA:0,(anonymous_13)
FNDA:0,(anonymous_14)
FNDA:0,(anonymous_15)
DA:2,1
DA:3,1
DA:4,1
DA:6,1
DA:7,1
DA:12,1
DA:13,1
DA:24,1
DA:25,1
DA:26,1
DA:28,1
DA:29,1
DA:32,1
DA:33,0
DA:35,1
DA:36,0
DA:39,1
DA:40,1
DA:42,1
DA:44,1
DA:49,0
DA:50,0
DA:52,0
DA:54,0
DA:55,0
DA:56,0
DA:57,0
DA:63,0
DA:64,0
DA:65,0
DA:66,0
DA:71,0
DA:72,0
DA:74,0
DA:78,0
DA:80,0
DA:96,0
DA:99,0
DA:100,0
DA:101,0
DA:106,0
DA:112,0
DA:117,0
DA:122,0
DA:126,0
DA:134,0
DA:142,0
DA:143,0
DA:151,0
DA:166,0
DA:181,0
DA:193,0
DA:200,0
DA:208,0
DA:212,0
DA:218,1
DA:220,0
DA:223,1
DA:227,0
DA:230,0
DA:231,0
DA:236,0
DA:237,0
DA:242,0
DA:243,0
DA:248,0
DA:249,0
DA:250,0
DA:253,0
DA:254,0
DA:260,0
DA:261,0
DA:266,0
DA:267,0
DA:272,0
DA:273,0
DA:278,0
DA:279,0
DA:282,0
DA:283,0
DA:284,0
DA:285,0
DA:286,0
DA:296,0
DA:300,0
DA:305,0
DA:309,0
DA:324,0
DA:338,0
DA:348,0
DA:355,0
DA:369,0
DA:371,0
DA:377,0
DA:381,0
DA:385,1
DA:393,0
DA:395,0
DA:397,0
DA:402,0
DA:408,0
DA:411,0
DA:415,0
DA:416,0
DA:422,0
DA:423,0
DA:429,0
DA:433,0
DA:439,0
DA:440,0
DA:441,0
DA:442,0
DA:444,0
DA:449,0
DA:452,0
DA:458,1
DA:466,0
DA:468,0
DA:470,0
DA:471,0
DA:477,0
DA:479,0
DA:483,0
DA:484,0
DA:486,0
DA:487,0
DA:493,0
DA:497,0
DA:499,0
DA:500,0
DA:501,0
DA:504,0
DA:509,0
DA:513,0
DA:521,0
DA:529,0
DA:534,0
DA:540,1
DA:544,0
DA:546,0
DA:547,0
DA:549,0
DA:551,0
DA:554,0
DA:556,0
DA:557,0
DA:560,0
DA:575,0
DA:589,0
DA:590,0
DA:591,0
DA:597,0
DA:603,0
DA:609,1
DA:613,0
DA:615,0
DA:616,0
DA:620,0
DA:621,0
DA:624,0
DA:638,0
DA:641,0
DA:644,0
DA:650,1
DA:658,0
DA:660,0
DA:661,0
DA:662,0
DA:664,0
DA:665,0
DA:668,0
DA:670,0
DA:671,0
DA:676,0
DA:677,0
DA:679,0
DA:682,0
DA:687,0
DA:691,0
DA:700,0
DA:710,0
DA:714,0
DA:717,0
DA:723,1
DA:728,0
DA:729,0
DA:730,0
DA:731,0
DA:733,0
DA:734,0
DA:739,0
DA:741,0
DA:743,0
DA:748,0
DA:749,0
DA:753,0
DA:754,0
DA:755,0
DA:757,0
DA:758,0
DA:760,0
DA:763,0
DA:767,0
DA:775,0
DA:777,0
DA:780,0
DA:784,1
DA:788,0
DA:790,0
DA:791,0
DA:793,0
DA:794,0
DA:797,0
DA:798,0
DA:800,0
DA:801,0
DA:802,0
DA:804,0
DA:806,0
DA:812,0
DA:814,0
DA:817,0
DA:822,0
DA:828,1
DA:832,0
DA:833,0
DA:834,0
DA:837,0
DA:842,0
DA:843,0
DA:844,0
DA:847,0
DA:848,0
DA:851,0
DA:852,0
DA:853,0
DA:858,0
DA:859,0
DA:860,0
DA:862,0
DA:864,0
DA:867,0
DA:871,1
DA:875,0
DA:876,0
DA:879,0
DA:880,0
DA:886,0
DA:887,0
DA:894,0
DA:898,0
DA:905,0
DA:908,0
DA:915,1
DA:919,0
DA:920,0
DA:922,0
DA:923,0
DA:927,0
DA:928,0
DA:933,0
DA:934,0
DA:936,0
DA:937,0
DA:941,0
DA:943,0
DA:945,0
DA:946,0
DA:947,0
DA:951,0
DA:954,0
DA:955,0
DA:956,0
DA:959,0
DA:960,0
DA:961,0
DA:962,0
DA:963,0
DA:968,0
DA:971,0
DA:972,0
DA:973,0
DA:996,0
DA:1002,0
DA:1006,0
DA:1009,0
DA:1011,0
DA:1025,0
DA:1029,0
DA:1034,0
DA:1035,0
DA:1040,0
DA:1044,0
LF:293
LH:30
BRDA:32,0,0,0
BRDA:32,0,1,1
BRDA:32,1,0,1
BRDA:32,1,1,1
BRDA:35,2,0,0
BRDA:35,2,1,1
BRDA:35,3,0,1
BRDA:35,3,1,1
BRDA:56,4,0,0
BRDA:56,4,1,0
BRDA:65,5,0,0
BRDA:65,5,1,0
BRDA:100,6,0,0
BRDA:100,6,1,0
BRDA:118,7,0,0
BRDA:118,7,1,0
BRDA:122,8,0,0
BRDA:122,8,1,0
BRDA:130,9,0,0
BRDA:130,9,1,0
BRDA:142,10,0,0
BRDA:142,10,1,0
BRDA:144,11,0,0
BRDA:144,11,1,0
BRDA:230,12,0,0
BRDA:230,12,1,0
BRDA:230,13,0,0
BRDA:230,13,1,0
BRDA:236,14,0,0
BRDA:236,14,1,0
BRDA:236,15,0,0
BRDA:236,15,1,0
BRDA:242,16,0,0
BRDA:242,16,1,0
BRDA:242,17,0,0
BRDA:242,17,1,0
BRDA:253,18,0,0
BRDA:253,18,1,0
BRDA:260,19,0,0
BRDA:260,19,1,0
BRDA:260,20,0,0
BRDA:260,20,1,0
BRDA:266,21,0,0
BRDA:266,21,1,0
BRDA:272,22,0,0
BRDA:272,22,1,0
BRDA:272,23,0,0
BRDA:272,23,1,0
BRDA:278,24,0,0
BRDA:278,24,1,0
BRDA:283,25,0,0
BRDA:283,25,1,0
BRDA:284,26,0,0
BRDA:284,26,1,0
BRDA:285,27,0,0
BRDA:285,27,1,0
BRDA:377,28,0,0
BRDA:377,28,1,0
BRDA:378,29,0,0
BRDA:378,29,1,0
BRDA:397,30,0,0
BRDA:397,30,1,0
BRDA:398,31,0,0
BRDA:398,31,1,0
BRDA:398,31,2,0
BRDA:415,32,0,0
BRDA:415,32,1,0
BRDA:422,33,0,0
BRDA:422,33,1,0
BRDA:429,34,0,0
BRDA:429,34,1,0
BRDA:430,35,0,0
BRDA:430,35,1,0
BRDA:470,36,0,0
BRDA:470,36,1,0
BRDA:470,37,0,0
BRDA:470,37,1,0
BRDA:483,38,0,0
BRDA:483,38,1,0
BRDA:486,39,0,0
BRDA:486,39,1,0
BRDA:505,40,0,0
BRDA:505,40,1,0
BRDA:509,41,0,0
BRDA:509,41,1,0
BRDA:517,42,0,0
BRDA:517,42,1,0
BRDA:546,43,0,0
BRDA:546,43,1,0
BRDA:556,44,0,0
BRDA:556,44,1,0
BRDA:556,45,0,0
BRDA:556,45,1,0
BRDA:620,46,0,0
BRDA:620,46,1,0
BRDA:626,47,0,0
BRDA:626,47,1,0
BRDA:627,48,0,0
BRDA:627,48,1,0
BRDA:628,49,0,0
BRDA:628,49,1,0
BRDA:629,50,0,0
BRDA:629,50,1,0
BRDA:632,51,0,0
BRDA:632,51,1,0
BRDA:642,52,0,0
BRDA:642,52,1,0
BRDA:661,53,0,0
BRDA:661,53,1,0
BRDA:668,54,0,0
BRDA:668,54,1,0
BRDA:683,55,0,0
BRDA:683,55,1,0
BRDA:687,56,0,0
BRDA:687,56,1,0
BRDA:696,57,0,0
BRDA:696,57,1,0
BRDA:730,58,0,0
BRDA:730,58,1,0
BRDA:733,59,0,0
BRDA:733,59,1,0
BRDA:733,60,0,0
BRDA:733,60,1,0
BRDA:748,61,0,0
BRDA:748,61,1,0
BRDA:765,62,0,0
BRDA:765,62,1,0
BRDA:790,63,0,0
BRDA:790,63,1,0
BRDA:800,64,0,0
BRDA:800,64,1,0
BRDA:833,65,0,0
BRDA:833,65,1,0
BRDA:843,66,0,0
BRDA:843,66,1,0
BRDA:847,67,0,0
BRDA:847,67,1,0
BRDA:852,68,0,0
BRDA:852,68,1,0
BRDA:879,69,0,0
BRDA:879,69,1,0
BRDA:879,70,0,0
BRDA:879,70,1,0
BRDA:886,71,0,0
BRDA:886,71,1,0
BRDA:900,72,0,0
BRDA:900,72,1,0
BRDA:906,73,0,0
BRDA:906,73,1,0
BRDA:922,74,0,0
BRDA:922,74,1,0
BRDA:927,75,0,0
BRDA:927,75,1,0
BRDA:936,76,0,0
BRDA:936,76,1,0
BRDA:941,77,0,0
BRDA:941,77,1,0
BRDA:943,78,0,0
BRDA:943,78,1,0
BRDA:946,79,0,0
BRDA:946,79,1,0
BRDA:954,80,0,0
BRDA:954,80,1,0
BRDA:955,81,0,0
BRDA:955,81,1,0
BRDA:956,82,0,0
BRDA:956,82,1,0
BRDA:959,83,0,0
BRDA:959,83,1,0
BRDA:962,84,0,0
BRDA:962,84,1,0
BRDA:971,85,0,0
BRDA:971,85,1,0
BRDA:996,86,0,0
BRDA:996,86,1,0
BRDA:997,87,0,0
BRDA:997,87,1,0
BRDA:1016,88,0,0
BRDA:1016,88,1,0
BRDA:1034,89,0,0
BRDA:1034,89,1,0
BRDA:1041,90,0,0
BRDA:1041,90,1,0
BRF:183
BRH:6
end_of_record
TN:
SF:src\controllers\calendarController.ts
FN:5,(anonymous_0)
FN:26,(anonymous_1)
FNF:2
FNH:0
FNDA:0,(anonymous_0)
FNDA:0,(anonymous_1)
DA:5,0
DA:6,0
DA:8,0
DA:9,0
DA:12,0
DA:13,0
DA:14,0
DA:16,0
DA:20,0
DA:22,0
DA:26,0
DA:36,0
DA:37,0
DA:39,0
DA:40,0
DA:52,0
DA:53,0
DA:55,0
LF:18
LH:0
BRDA:8,0,0,0
BRDA:8,0,1,0
BRDA:8,1,0,0
BRDA:8,1,1,0
BRF:4
BRH:0
end_of_record
TN:
SF:src\controllers\chatController.ts
FN:7,(anonymous_0)
FN:25,(anonymous_1)
FN:35,(anonymous_2)
FN:37,(anonymous_3)
FN:51,(anonymous_4)
FN:65,(anonymous_5)
FN:116,(anonymous_6)
FN:132,(anonymous_7)
FN:141,(anonymous_8)
FN:143,(anonymous_9)
FN:165,(anonymous_10)
FN:181,(anonymous_11)
FN:215,(anonymous_12)
FN:230,(anonymous_13)
FN:237,(anonymous_14)
FN:245,(anonymous_15)
FN:261,(anonymous_16)
FN:275,(anonymous_17)
FN:298,(anonymous_18)
FN:313,(anonymous_19)
FNF:20
FNH:0
FNDA:0,(anonymous_0)
FNDA:0,(anonymous_1)
FNDA:0,(anonymous_2)
FNDA:0,(anonymous_3)
FNDA:0,(anonymous_4)
FNDA:0,(anonymous_5)
FNDA:0,(anonymous_6)
FNDA:0,(anonymous_7)
FNDA:0,(anonymous_8)
FNDA:0,(anonymous_9)
FNDA:0,(anonymous_10)
FNDA:0,(anonymous_11)
FNDA:0,(anonymous_12)
FNDA:0,(anonymous_13)
FNDA:0,(anonymous_14)
FNDA:0,(anonymous_15)
FNDA:0,(anonymous_16)
FNDA:0,(anonymous_17)
FNDA:0,(anonymous_18)
FNDA:0,(anonymous_19)
DA:7,0
DA:11,0
DA:12,0
DA:14,0
DA:24,0
DA:27,0
DA:31,0
DA:36,0
DA:37,0
DA:44,0
DA:46,0
DA:47,0
DA:51,0
DA:55,0
DA:56,0
DA:57,0
DA:62,0
DA:64,0
DA:65,0
DA:71,0
DA:72,0
DA:77,0
DA:78,0
DA:84,0
DA:89,0
DA:90,0
DA:94,0
DA:102,0
DA:104,0
DA:109,0
DA:111,0
DA:112,0
DA:116,0
DA:120,0
DA:121,0
DA:122,0
DA:123,0
DA:125,0
DA:126,0
DA:127,0
DA:131,0
DA:132,0
DA:134,0
DA:135,0
DA:139,0
DA:140,0
DA:141,0
DA:144,0
DA:150,0
DA:155,0
DA:160,0
DA:161,0
DA:165,0
DA:169,0
DA:170,0
DA:171,0
DA:172,0
DA:174,0
DA:175,0
DA:176,0
DA:180,0
DA:181,0
DA:183,0
DA:184,0
DA:187,0
DA:197,0
DA:198,0
DA:199,0
DA:202,0
DA:203,0
DA:208,0
DA:210,0
DA:211,0
DA:215,0
DA:219,0
DA:220,0
DA:221,0
DA:223,0
DA:224,0
DA:225,0
DA:229,0
DA:230,0
DA:232,0
DA:233,0
DA:236,0
DA:237,0
DA:239,0
DA:240,0
DA:244,0
DA:245,0
DA:247,0
DA:248,0
DA:251,0
DA:254,0
DA:256,0
DA:257,0
DA:261,0
DA:265,0
DA:266,0
DA:267,0
DA:269,0
DA:270,0
DA:271,0
DA:274,0
DA:275,0
DA:277,0
DA:278,0
DA:282,0
DA:283,0
DA:288,0
DA:289,0
DA:291,0
DA:293,0
DA:294,0
DA:298,0
DA:302,0
DA:303,0
DA:304,0
DA:305,0
DA:307,0
DA:308,0
DA:309,0
DA:312,0
DA:313,0
DA:315,0
DA:316,0
DA:320,0
DA:321,0
DA:326,0
DA:327,0
DA:328,0
DA:330,0
DA:332,0
DA:333,0
LF:134
LH:0
BRDA:27,0,0,0
BRDA:27,0,1,0
BRDA:62,1,0,0
BRDA:62,1,1,0
BRDA:71,2,0,0
BRDA:71,2,1,0
BRDA:89,3,0,0
BRDA:89,3,1,0
BRDA:98,4,0,0
BRDA:98,4,1,0
BRDA:122,5,0,0
BRDA:122,6,0,0
BRDA:126,7,0,0
BRDA:126,7,1,0
BRDA:134,8,0,0
BRDA:134,8,1,0
BRDA:171,9,0,0
BRDA:171,10,0,0
BRDA:175,11,0,0
BRDA:175,11,1,0
BRDA:183,12,0,0
BRDA:183,12,1,0
BRDA:224,13,0,0
BRDA:224,13,1,0
BRDA:232,14,0,0
BRDA:232,14,1,0
BRDA:239,15,0,0
BRDA:239,15,1,0
BRDA:247,16,0,0
BRDA:247,16,1,0
BRDA:270,17,0,0
BRDA:270,17,1,0
BRDA:277,18,0,0
BRDA:277,18,1,0
BRDA:282,19,0,0
BRDA:282,19,1,0
BRDA:308,20,0,0
BRDA:308,20,1,0
BRDA:315,21,0,0
BRDA:315,21,1,0
BRDA:320,22,0,0
BRDA:320,22,1,0
BRF:42
BRH:0
end_of_record
TN:
SF:src\controllers\documentController.ts
FN:13,(anonymous_1)
FN:43,(anonymous_2)
FN:96,(anonymous_3)
FN:152,(anonymous_4)
FN:193,(anonymous_5)
FN:228,(anonymous_6)
FN:296,(anonymous_7)
FN:354,(anonymous_8)
FNF:8
FNH:0
FNDA:0,(anonymous_1)
FNDA:0,(anonymous_2)
FNDA:0,(anonymous_3)
FNDA:0,(anonymous_4)
FNDA:0,(anonymous_5)
FNDA:0,(anonymous_6)
FNDA:0,(anonymous_7)
FNDA:0,(anonymous_8)
DA:2,1
DA:3,1
DA:4,1
DA:5,1
DA:6,1
DA:7,1
DA:9,1
DA:10,1
DA:13,1
DA:14,0
DA:15,0
DA:16,0
DA:19,0
DA:20,0
DA:23,0
DA:33,0
DA:35,0
DA:38,0
DA:43,1
DA:44,0
DA:45,0
DA:46,0
DA:50,0
DA:51,0
DA:52,0
DA:55,0
DA:56,0
DA:57,0
DA:60,0
DA:61,0
DA:66,0
DA:67,0
DA:70,0
DA:75,0
DA:77,0
DA:81,0
DA:96,1
DA:97,0
DA:98,0
DA:99,0
DA:103,0
DA:104,0
DA:105,0
DA:108,0
DA:110,0
DA:111,0
DA:117,0
DA:118,0
DA:121,0
DA:127,0
DA:128,0
DA:130,0
DA:133,0
DA:134,0
DA:135,0
DA:136,0
DA:139,0
DA:140,0
DA:141,0
DA:143,0
DA:147,0
DA:152,1
DA:153,0
DA:154,0
DA:158,0
DA:161,0
DA:162,0
DA:165,0
DA:168,0
DA:172,0
DA:173,0
DA:178,0
DA:179,0
DA:181,0
DA:182,0
DA:184,0
DA:188,0
DA:193,1
DA:194,0
DA:195,0
DA:199,0
DA:202,0
DA:203,0
DA:206,0
DA:211,0
DA:212,0
DA:217,0
DA:219,0
DA:223,0
DA:228,1
DA:229,0
DA:230,0
DA:231,0
DA:234,0
DA:235,0
DA:238,0
DA:246,0
DA:247,0
DA:250,0
DA:251,0
DA:257,0
DA:258,0
DA:259,0
DA:262,0
DA:265,0
DA:266,0
DA:270,0
DA:273,0
DA:277,0
DA:283,0
DA:284,0
DA:285,0
DA:287,0
DA:291,0
DA:296,1
DA:297,0
DA:298,0
DA:302,0
DA:305,0
DA:307,0
DA:308,0
DA:312,0
DA:315,0
DA:316,0
DA:317,0
DA:321,0
DA:324,0
DA:325,0
DA:329,0
DA:330,0
DA:335,0
DA:336,0
DA:337,0
DA:340,0
DA:345,0
DA:346,0
DA:352,0
DA:353,0
DA:354,0
DA:357,0
DA:358,0
DA:359,0
DA:362,0
DA:364,0
DA:368,0
LF:145
LH:15
BRDA:15,0,0,0
BRDA:15,0,1,0
BRDA:19,1,0,0
BRDA:19,1,1,0
BRDA:45,2,0,0
BRDA:45,2,1,0
BRDA:51,3,0,0
BRDA:51,3,1,0
BRDA:56,4,0,0
BRDA:56,4,1,0
BRDA:66,5,0,0
BRDA:66,5,1,0
BRDA:72,6,0,0
BRDA:72,6,1,0
BRDA:73,7,0,0
BRDA:73,7,1,0
BRDA:79,8,0,0
BRDA:79,8,1,0
BRDA:98,9,0,0
BRDA:98,9,1,0
BRDA:104,10,0,0
BRDA:104,10,1,0
BRDA:110,11,0,0
BRDA:110,11,1,0
BRDA:110,12,0,0
BRDA:110,12,1,0
BRDA:127,13,0,0
BRDA:127,13,1,0
BRDA:130,14,0,0
BRDA:130,14,1,0
BRDA:131,15,0,0
BRDA:131,15,1,0
BRDA:145,16,0,0
BRDA:145,16,1,0
BRDA:154,17,0,0
BRDA:154,17,1,0
BRDA:155,18,0,0
BRDA:155,18,1,0
BRDA:161,19,0,0
BRDA:161,19,1,0
BRDA:172,20,0,0
BRDA:172,20,1,0
BRDA:178,21,0,0
BRDA:178,21,1,0
BRDA:179,22,0,0
BRDA:179,22,1,0
BRDA:186,23,0,0
BRDA:186,23,1,0
BRDA:195,24,0,0
BRDA:195,24,1,0
BRDA:196,25,0,0
BRDA:196,25,1,0
BRDA:202,26,0,0
BRDA:202,26,1,0
BRDA:211,27,0,0
BRDA:211,27,1,0
BRDA:221,28,0,0
BRDA:221,28,1,0
BRDA:230,29,0,0
BRDA:230,29,1,0
BRDA:234,30,0,0
BRDA:234,30,1,0
BRDA:246,31,0,0
BRDA:246,31,1,0
BRDA:250,32,0,0
BRDA:250,32,1,0
BRDA:258,33,0,0
BRDA:258,33,1,0
BRDA:265,34,0,0
BRDA:265,34,1,0
BRDA:270,35,0,0
BRDA:270,35,1,0
BRDA:279,36,0,0
BRDA:279,36,1,0
BRDA:289,37,0,0
BRDA:289,37,1,0
BRDA:298,38,0,0
BRDA:298,38,1,0
BRDA:299,39,0,0
BRDA:299,39,1,0
BRDA:307,40,0,0
BRDA:307,40,1,0
BRDA:307,41,0,0
BRDA:307,41,1,0
BRDA:307,41,2,0
BRDA:316,42,0,0
BRDA:316,42,1,0
BRDA:324,43,0,0
BRDA:324,43,1,0
BRDA:329,44,0,0
BRDA:329,44,1,0
BRDA:336,45,0,0
BRDA:336,45,1,0
BRDA:345,46,0,0
BRDA:345,46,1,0
BRDA:357,47,0,0
BRDA:357,47,1,0
BRDA:366,48,0,0
BRDA:366,48,1,0
BRF:99
BRH:0
end_of_record
TN:
SF:src\controllers\notificationsController.ts
FN:22,(anonymous_0)
FNF:1
FNH:0
FNDA:0,(anonymous_0)
DA:4,0
DA:22,0
DA:23,0
LF:3
LH:0
BRF:0
BRH:0
end_of_record
TN:
SF:src\controllers\policyController.ts
FN:8,(anonymous_0)
FN:33,(anonymous_1)
FN:72,(anonymous_2)
FN:162,(anonymous_3)
FN:230,(anonymous_4)
FN:246,(anonymous_5)
FNF:6
FNH:0
FNDA:0,(anonymous_0)
FNDA:0,(anonymous_1)
FNDA:0,(anonymous_2)
FNDA:0,(anonymous_3)
FNDA:0,(anonymous_4)
FNDA:0,(anonymous_5)
DA:8,0
DA:9,0
DA:10,0
DA:12,0
DA:13,0
DA:16,0
DA:21,0
DA:22,0
DA:25,0
DA:27,0
DA:28,0
DA:33,0
DA:34,0
DA:35,0
DA:36,0
DA:38,0
DA:39,0
DA:42,0
DA:44,0
DA:53,0
DA:64,0
DA:65,0
DA:72,0
DA:73,0
DA:74,0
DA:76,0
DA:77,0
DA:80,0
DA:86,0
DA:92,0
DA:93,0
DA:94,0
DA:95,0
DA:99,0
DA:100,0
DA:101,0
DA:105,0
DA:117,0
DA:120,0
DA:139,0
DA:149,0
DA:154,0
DA:155,0
DA:162,0
DA:163,0
DA:164,0
DA:165,0
DA:167,0
DA:168,0
DA:169,0
DA:173,0
DA:174,0
DA:179,0
DA:187,0
DA:188,0
DA:189,0
DA:190,0
DA:194,0
DA:197,0
DA:217,0
DA:222,0
DA:223,0
DA:230,0
DA:231,0
DA:232,0
DA:240,0
DA:246,0
DA:247,0
DA:248,0
DA:249,0
DA:250,0
DA:252,0
DA:256,0
DA:258,0
DA:259,0
LF:75
LH:0
BRDA:12,0,0,0
BRDA:12,0,1,0
BRDA:21,1,0,0
BRDA:21,1,1,0
BRDA:36,2,0,0
BRDA:36,3,0,0
BRDA:38,4,0,0
BRDA:38,4,1,0
BRDA:76,5,0,0
BRDA:76,5,1,0
BRDA:93,6,0,0
BRDA:93,6,1,0
BRDA:99,7,0,0
BRDA:99,7,1,0
BRDA:168,8,0,0
BRDA:168,8,1,0
BRDA:173,9,0,0
BRDA:173,9,1,0
BRDA:187,10,0,0
BRDA:187,10,1,0
BRDA:188,11,0,0
BRDA:188,11,1,0
BRDA:189,12,0,0
BRDA:189,12,1,0
BRDA:190,13,0,0
BRDA:190,13,1,0
BRDA:247,14,0,0
BRDA:247,14,1,0
BRDA:249,15,0,0
BRDA:249,15,1,0
BRF:30
BRH:0
end_of_record
TN:
SF:src\controllers\socialController.ts
FN:9,(anonymous_0)
FN:80,(anonymous_1)
FN:97,(anonymous_2)
FN:115,(anonymous_3)
FN:123,(anonymous_4)
FN:136,(anonymous_5)
FN:155,(anonymous_6)
FN:162,(anonymous_7)
FN:176,(anonymous_8)
FN:198,(anonymous_9)
FN:224,(anonymous_10)
FN:241,(anonymous_11)
FN:243,(anonymous_12)
FN:255,(anonymous_13)
FN:287,(anonymous_14)
FN:324,(anonymous_15)
FN:352,(anonymous_16)
FN:367,(anonymous_17)
FN:394,(anonymous_18)
FN:409,(anonymous_19)
FN:428,(anonymous_20)
FN:448,(anonymous_21)
FN:456,(anonymous_22)
FN:476,(anonymous_23)
FN:504,(anonymous_24)
FN:524,(anonymous_25)
FN:544,(anonymous_26)
FNF:27
FNH:0
FNDA:0,(anonymous_0)
FNDA:0,(anonymous_1)
FNDA:0,(anonymous_2)
FNDA:0,(anonymous_3)
FNDA:0,(anonymous_4)
FNDA:0,(anonymous_5)
FNDA:0,(anonymous_6)
FNDA:0,(anonymous_7)
FNDA:0,(anonymous_8)
FNDA:0,(anonymous_9)
FNDA:0,(anonymous_10)
FNDA:0,(anonymous_11)
FNDA:0,(anonymous_12)
FNDA:0,(anonymous_13)
FNDA:0,(anonymous_14)
FNDA:0,(anonymous_15)
FNDA:0,(anonymous_16)
FNDA:0,(anonymous_17)
FNDA:0,(anonymous_18)
FNDA:0,(anonymous_19)
FNDA:0,(anonymous_20)
FNDA:0,(anonymous_21)
FNDA:0,(anonymous_22)
FNDA:0,(anonymous_23)
FNDA:0,(anonymous_24)
FNDA:0,(anonymous_25)
FNDA:0,(anonymous_26)
DA:9,0
DA:13,0
DA:14,0
DA:15,0
DA:17,0
DA:18,0
DA:23,0
DA:24,0
DA:25,0
DA:28,0
DA:29,0
DA:30,0
DA:34,0
DA:35,0
DA:41,0
DA:42,0
DA:46,0
DA:47,0
DA:53,0
DA:57,0
DA:58,0
DA:61,0
DA:65,0
DA:66,0
DA:68,0
DA:71,0
DA:73,0
DA:75,0
DA:76,0
DA:80,0
DA:84,0
DA:85,0
DA:86,0
DA:88,0
DA:89,0
DA:91,0
DA:92,0
DA:96,0
DA:97,0
DA:99,0
DA:103,0
DA:104,0
DA:106,0
DA:107,0
DA:108,0
DA:110,0
DA:113,0
DA:115,0
DA:117,0
DA:121,0
DA:123,0
DA:126,0
DA:127,0
DA:129,0
DA:131,0
DA:132,0
DA:136,0
DA:140,0
DA:141,0
DA:142,0
DA:144,0
DA:145,0
DA:147,0
DA:148,0
DA:152,0
DA:153,0
DA:155,0
DA:159,0
DA:160,0
DA:162,0
DA:166,0
DA:167,0
DA:169,0
DA:171,0
DA:172,0
DA:176,0
DA:180,0
DA:181,0
DA:183,0
DA:187,0
DA:188,0
DA:191,0
DA:193,0
DA:194,0
DA:198,0
DA:202,0
DA:203,0
DA:205,0
DA:210,0
DA:211,0
DA:214,0
DA:219,0
DA:220,0
DA:224,0
DA:228,0
DA:229,0
DA:230,0
DA:232,0
DA:233,0
DA:235,0
DA:236,0
DA:240,0
DA:241,0
DA:242,0
DA:243,0
DA:245,0
DA:246,0
DA:248,0
DA:250,0
DA:251,0
DA:255,0
DA:259,0
DA:260,0
DA:261,0
DA:263,0
DA:264,0
DA:267,0
DA:278,0
DA:280,0
DA:281,0
DA:287,0
DA:291,0
DA:292,0
DA:293,0
DA:295,0
DA:310,0
DA:313,0
DA:317,0
DA:319,0
DA:320,0
DA:324,0
DA:328,0
DA:329,0
DA:331,0
DA:341,0
DA:342,0
DA:345,0
DA:347,0
DA:348,0
DA:352,0
DA:356,0
DA:357,0
DA:358,0
DA:360,0
DA:361,0
DA:362,0
DA:366,0
DA:367,0
DA:369,0
DA:370,0
DA:376,0
DA:380,0
DA:383,0
DA:387,0
DA:389,0
DA:390,0
DA:394,0
DA:398,0
DA:399,0
DA:400,0
DA:402,0
DA:403,0
DA:404,0
DA:408,0
DA:409,0
DA:411,0
DA:412,0
DA:414,0
DA:417,0
DA:421,0
DA:423,0
DA:424,0
DA:428,0
DA:432,0
DA:433,0
DA:434,0
DA:435,0
DA:437,0
DA:438,0
DA:439,0
DA:443,0
DA:444,0
DA:446,0
DA:448,0
DA:450,0
DA:451,0
DA:455,0
DA:456,0
DA:458,0
DA:459,0
DA:463,0
DA:467,0
DA:469,0
DA:471,0
DA:472,0
DA:476,0
DA:480,0
DA:481,0
DA:483,0
DA:489,0
DA:490,0
DA:493,0
DA:499,0
DA:500,0
DA:504,0
DA:508,0
DA:509,0
DA:510,0
DA:511,0
DA:513,0
DA:514,0
DA:515,0
DA:519,0
DA:520,0
DA:522,0
DA:524,0
DA:526,0
DA:527,0
DA:531,0
DA:532,0
DA:533,0
DA:535,0
DA:537,0
DA:539,0
DA:540,0
DA:544,0
DA:548,0
DA:549,0
DA:550,0
DA:552,0
DA:553,0
DA:554,0
DA:558,0
DA:559,0
DA:565,0
DA:568,0
DA:570,0
DA:572,0
DA:573,0
LF:239
LH:0
BRDA:17,0,0,0
BRDA:17,0,1,0
BRDA:24,1,0,0
BRDA:24,1,1,0
BRDA:29,2,0,0
BRDA:29,2,1,0
BRDA:34,3,0,0
BRDA:34,3,1,0
BRDA:41,4,0,0
BRDA:41,4,1,0
BRDA:46,5,0,0
BRDA:46,5,1,0
BRDA:53,6,0,0
BRDA:53,6,1,0
BRDA:61,7,0,0
BRDA:61,7,1,0
BRDA:65,8,0,0
BRDA:65,8,1,0
BRDA:91,9,0,0
BRDA:91,9,1,0
BRDA:91,10,0,0
BRDA:91,10,1,0
BRDA:96,11,0,0
BRDA:96,11,1,0
BRDA:103,12,0,0
BRDA:103,12,1,0
BRDA:104,13,0,0
BRDA:104,13,1,0
BRDA:107,14,0,0
BRDA:107,14,1,0
BRDA:117,15,0,0
BRDA:117,15,1,0
BRDA:147,16,0,0
BRDA:147,16,1,0
BRDA:147,17,0,0
BRDA:147,17,1,0
BRDA:152,18,0,0
BRDA:152,18,1,0
BRDA:159,19,0,0
BRDA:159,19,1,0
BRDA:187,20,0,0
BRDA:187,20,1,0
BRDA:191,21,0,0
BRDA:191,21,1,0
BRDA:210,22,0,0
BRDA:210,22,1,0
BRDA:215,23,0,0
BRDA:215,23,1,0
BRDA:216,24,0,0
BRDA:216,24,1,0
BRDA:235,25,0,0
BRDA:235,25,1,0
BRDA:235,26,0,0
BRDA:235,26,1,0
BRDA:241,27,0,0
BRDA:241,27,1,0
BRDA:243,28,0,0
BRDA:243,28,1,0
BRDA:263,29,0,0
BRDA:263,29,1,0
BRDA:263,30,0,0
BRDA:263,30,1,0
BRDA:341,31,0,0
BRDA:341,31,1,0
BRDA:345,32,0,0
BRDA:345,32,1,0
BRDA:361,33,0,0
BRDA:361,33,1,0
BRDA:369,34,0,0
BRDA:369,34,1,0
BRDA:403,35,0,0
BRDA:403,35,1,0
BRDA:411,36,0,0
BRDA:411,36,1,0
BRDA:438,37,0,0
BRDA:438,37,1,0
BRDA:443,38,0,0
BRDA:443,38,1,0
BRDA:448,39,0,0
BRDA:448,39,1,0
BRDA:450,40,0,0
BRDA:450,40,1,0
BRDA:458,41,0,0
BRDA:458,41,1,0
BRDA:489,42,0,0
BRDA:489,42,1,0
BRDA:514,43,0,0
BRDA:514,43,1,0
BRDA:519,44,0,0
BRDA:519,44,1,0
BRDA:524,45,0,0
BRDA:524,45,1,0
BRDA:526,46,0,0
BRDA:526,46,1,0
BRDA:531,47,0,0
BRDA:531,47,1,0
BRDA:532,48,0,0
BRDA:532,48,1,0
BRDA:533,49,0,0
BRDA:533,49,1,0
BRDA:553,50,0,0
BRDA:553,50,1,0
BRDA:558,51,0,0
BRDA:558,51,1,0
BRF:104
BRH:0
end_of_record
TN:
SF:src\controllers\socialFeedController.ts
FN:33,(anonymous_0)
FN:123,(anonymous_1)
FN:201,(anonymous_2)
FN:260,(anonymous_3)
FNF:4
FNH:0
FNDA:0,(anonymous_0)
FNDA:0,(anonymous_1)
FNDA:0,(anonymous_2)
FNDA:0,(anonymous_3)
DA:33,0
DA:37,0
DA:38,0
DA:40,0
DA:49,0
DA:91,0
DA:97,0
DA:106,0
DA:115,0
DA:123,0
DA:127,0
DA:128,0
DA:129,0
DA:131,0
DA:132,0
DA:136,0
DA:139,0
DA:151,0
DA:169,0
DA:175,0
DA:184,0
DA:193,0
DA:201,0
DA:205,0
DA:206,0
DA:207,0
DA:209,0
DA:210,0
DA:214,0
DA:217,0
DA:227,0
DA:233,0
DA:242,0
DA:252,0
DA:260,0
DA:264,0
DA:265,0
DA:266,0
DA:267,0
DA:269,0
DA:270,0
DA:274,0
DA:277,0
DA:278,0
DA:282,0
DA:285,0
DA:296,0
DA:306,0
DA:312,0
DA:322,0
DA:332,0
LF:51
LH:0
BRDA:109,0,0,0
BRDA:109,0,1,0
BRDA:131,1,0,0
BRDA:131,1,1,0
BRDA:131,2,0,0
BRDA:131,2,1,0
BRDA:144,3,0,0
BRDA:144,3,1,0
BRDA:160,4,0,0
BRDA:160,4,1,0
BRDA:161,5,0,0
BRDA:161,5,1,0
BRDA:187,6,0,0
BRDA:187,6,1,0
BRDA:209,7,0,0
BRDA:209,7,1,0
BRDA:246,8,0,0
BRDA:246,8,1,0
BRDA:269,9,0,0
BRDA:269,9,1,0
BRDA:277,10,0,0
BRDA:277,10,1,0
BRDA:277,11,0,0
BRDA:277,11,1,0
BRDA:326,12,0,0
BRDA:326,12,1,0
BRF:26
BRH:0
end_of_record
TN:
SF:src\controllers\userDataController.ts
FN:37,(anonymous_0)
FN:40,(anonymous_1)
FN:51,(anonymous_2)
FN:61,(anonymous_3)
FN:71,(anonymous_4)
FN:76,(anonymous_5)
FN:95,(anonymous_6)
FN:105,(anonymous_7)
FN:112,(anonymous_8)
FN:144,(anonymous_9)
FN:179,(anonymous_10)
FN:210,(anonymous_11)
FN:258,(anonymous_12)
FN:305,(anonymous_13)
FN:354,(anonymous_14)
FNF:15
FNH:0
FNDA:0,(anonymous_0)
FNDA:0,(anonymous_1)
FNDA:0,(anonymous_2)
FNDA:0,(anonymous_3)
FNDA:0,(anonymous_4)
FNDA:0,(anonymous_5)
FNDA:0,(anonymous_6)
FNDA:0,(anonymous_7)
FNDA:0,(anonymous_8)
FNDA:0,(anonymous_9)
FNDA:0,(anonymous_10)
FNDA:0,(anonymous_11)
FNDA:0,(anonymous_12)
FNDA:0,(anonymous_13)
FNDA:0,(anonymous_14)
DA:37,0
DA:38,0
DA:40,0
DA:51,0
DA:61,0
DA:71,0
DA:72,0
DA:76,0
DA:77,0
DA:78,0
DA:80,0
DA:81,0
DA:84,0
DA:88,0
DA:89,0
DA:93,0
DA:95,0
DA:105,0
DA:112,0
DA:122,0
DA:124,0
DA:135,0
DA:139,0
DA:144,0
DA:145,0
DA:146,0
DA:148,0
DA:149,0
DA:153,0
DA:154,0
DA:155,0
DA:159,0
DA:163,0
DA:164,0
DA:168,0
DA:169,0
DA:170,0
DA:171,0
DA:172,0
DA:174,0
DA:177,0
DA:179,0
DA:187,0
DA:192,0
DA:201,0
DA:205,0
DA:210,0
DA:211,0
DA:212,0
DA:213,0
DA:216,0
DA:223,0
DA:224,0
DA:227,0
DA:231,0
DA:232,0
DA:234,0
DA:237,0
DA:239,0
DA:240,0
DA:242,0
DA:247,0
DA:250,0
DA:258,0
DA:259,0
DA:260,0
DA:261,0
DA:264,0
DA:270,0
DA:271,0
DA:274,0
DA:278,0
DA:279,0
DA:281,0
DA:284,0
DA:286,0
DA:287,0
DA:292,0
DA:297,0
DA:300,0
DA:305,0
DA:306,0
DA:307,0
DA:308,0
DA:311,0
DA:318,0
DA:319,0
DA:323,0
DA:325,0
DA:329,0
DA:330,0
DA:332,0
DA:335,0
DA:338,0
DA:339,0
DA:341,0
DA:346,0
DA:349,0
DA:354,0
DA:355,0
DA:356,0
DA:357,0
DA:359,0
DA:360,0
DA:364,0
DA:371,0
DA:375,0
DA:376,0
DA:381,0
DA:384,0
DA:388,0
DA:389,0
DA:391,0
DA:396,0
DA:399,0
LF:115
LH:0
BRDA:38,0,0,0
BRDA:38,0,1,0
BRDA:42,1,0,0
BRDA:42,1,1,0
BRDA:46,2,0,0
BRDA:46,2,1,0
BRDA:53,3,0,0
BRDA:53,3,1,0
BRDA:64,4,0,0
BRDA:64,4,1,0
BRDA:65,5,0,0
BRDA:65,5,1,0
BRDA:80,6,0,0
BRDA:80,6,1,0
BRDA:88,7,0,0
BRDA:88,7,1,0
BRDA:97,8,0,0
BRDA:97,8,1,0
BRDA:98,9,0,0
BRDA:98,9,1,0
BRDA:101,10,0,0
BRDA:101,10,1,0
BRDA:107,11,0,0
BRDA:107,11,1,0
BRDA:108,12,0,0
BRDA:108,12,1,0
BRDA:114,13,0,0
BRDA:114,13,1,0
BRDA:115,14,0,0
BRDA:115,14,1,0
BRDA:118,15,0,0
BRDA:118,15,1,0
BRDA:126,16,0,0
BRDA:126,16,1,0
BRDA:130,17,0,0
BRDA:130,17,1,0
BRDA:148,18,0,0
BRDA:148,18,1,0
BRDA:154,19,0,0
BRDA:154,19,1,0
BRDA:163,20,0,0
BRDA:163,20,1,0
BRDA:168,21,0,0
BRDA:168,21,1,0
BRDA:169,22,0,0
BRDA:169,22,1,0
BRDA:170,23,0,0
BRDA:170,23,1,0
BRDA:171,24,0,0
BRDA:171,24,1,0
BRDA:181,25,0,0
BRDA:181,25,1,0
BRDA:182,26,0,0
BRDA:182,26,1,0
BRDA:194,27,0,0
BRDA:194,27,1,0
BRDA:223,28,0,0
BRDA:223,28,1,0
BRDA:231,29,0,0
BRDA:231,29,1,0
BRDA:252,30,0,0
BRDA:252,30,1,0
BRDA:270,31,0,0
BRDA:270,31,1,0
BRDA:278,32,0,0
BRDA:278,32,1,0
BRDA:314,33,0,0
BRDA:314,33,1,0
BRDA:318,34,0,0
BRDA:318,34,1,0
BRDA:329,35,0,0
BRDA:329,35,1,0
BRDA:359,36,0,0
BRDA:359,36,1,0
BRDA:375,37,0,0
BRDA:375,37,1,0
BRDA:401,38,0,0
BRDA:401,38,1,0
BRF:78
BRH:0
end_of_record
TN:
SF:src\controllers\weatherController.ts
FN:38,(anonymous_0)
FNF:1
FNH:0
FNDA:0,(anonymous_0)
DA:4,0
DA:38,0
DA:39,0
DA:41,0
DA:42,0
DA:49,0
LF:6
LH:0
BRDA:41,0,0,0
BRDA:41,0,1,0
BRDA:41,1,0,0
BRDA:41,1,1,0
BRF:4
BRH:0
end_of_record
TN:
SF:src\middleware\adminMiddleware.ts
FN:8,(anonymous_1)
FN:162,(anonymous_2)
FNF:2
FNH:2
FNDA:5,(anonymous_1)
FNDA:3,(anonymous_2)
DA:2,1
DA:3,1
DA:8,1
DA:13,5
DA:15,5
DA:16,1
DA:27,1
DA:31,1
DA:35,4
DA:37,1
DA:52,1
DA:53,1
DA:63,0
DA:73,1
DA:77,1
DA:81,3
DA:82,1
DA:93,1
DA:97,1
DA:101,2
DA:115,2
DA:116,2
DA:126,0
DA:137,2
DA:139,0
DA:151,0
DA:155,0
DA:162,1
DA:167,3
DA:168,3
DA:169,0
DA:173,0
DA:177,3
DA:181,3
DA:182,1
DA:190,1
DA:194,1
DA:198,2
DA:202,1
DA:213,1
DA:217,1
DA:221,1
DA:222,1
DA:224,0
DA:233,0
DA:237,0
DA:241,1
LF:47
LH:37
BRDA:15,0,0,1
BRDA:15,0,1,4
BRDA:35,1,0,1
BRDA:35,1,1,3
BRDA:81,2,0,1
BRDA:81,2,1,2
BRDA:168,3,0,0
BRDA:168,3,1,3
BRDA:181,4,0,1
BRDA:181,4,1,2
BRDA:198,5,0,1
BRDA:198,5,1,1
BRDA:199,6,0,2
BRDA:199,6,1,1
BRF:14
BRH:13
end_of_record
TN:
SF:src\middleware\authMiddleware.ts
FN:16,(anonymous_1)
FNF:1
FNH:1
FNDA:4,(anonymous_1)
DA:6,1
DA:7,1
DA:8,1
DA:16,1
DA:22,4
DA:23,4
DA:28,4
DA:29,2
DA:30,2
DA:34,2
DA:35,2
DA:36,2
DA:37,0
DA:41,2
DA:46,2
DA:52,0
DA:53,0
DA:57,2
DA:60,0
DA:61,0
DA:62,0
DA:66,0
DA:67,0
DA:72,0
DA:76,0
DA:77,0
DA:81,0
DA:84,0
DA:87,0
DA:99,0
DA:104,0
DA:115,0
DA:123,0
DA:124,0
DA:128,1
LF:35
LH:16
BRDA:23,0,0,2
BRDA:23,0,1,2
BRDA:28,1,0,2
BRDA:28,1,1,2
BRDA:36,2,0,0
BRDA:36,2,1,2
BRDA:46,3,0,0
BRDA:46,3,1,2
BRDA:47,4,0,2
BRDA:47,4,1,2
BRDA:47,4,2,2
BRDA:47,4,3,2
BRDA:60,5,0,0
BRDA:60,5,1,0
BRDA:66,6,0,0
BRDA:66,6,1,0
BRDA:76,7,0,0
BRDA:76,7,1,0
BRDA:76,8,0,0
BRDA:76,8,1,0
BRDA:106,9,0,0
BRDA:106,9,1,0
BRDA:112,10,0,0
BRDA:112,10,1,0
BRF:24
BRH:10
end_of_record
TN:
SF:src\middleware\caching.ts
FN:23,(anonymous_0)
FN:33,(anonymous_1)
FN:40,(anonymous_2)
FN:73,(anonymous_3)
FN:106,(anonymous_4)
FN:112,(anonymous_5)
FN:126,(anonymous_6)
FN:128,(anonymous_7)
FN:130,(anonymous_8)
FN:144,(anonymous_9)
FN:147,(anonymous_10)
FN:149,(anonymous_11)
FN:163,(anonymous_12)
FN:172,(anonymous_13)
FN:182,(anonymous_14)
FNF:15
FNH:0
FNDA:0,(anonymous_0)
FNDA:0,(anonymous_1)
FNDA:0,(anonymous_2)
FNDA:0,(anonymous_3)
FNDA:0,(anonymous_4)
FNDA:0,(anonymous_5)
FNDA:0,(anonymous_6)
FNDA:0,(anonymous_7)
FNDA:0,(anonymous_8)
FNDA:0,(anonymous_9)
FNDA:0,(anonymous_10)
FNDA:0,(anonymous_11)
FNDA:0,(anonymous_12)
FNDA:0,(anonymous_13)
FNDA:0,(anonymous_14)
DA:6,0
DA:15,0
DA:23,0
DA:24,0
DA:25,0
DA:26,0
DA:27,0
DA:29,0
DA:33,0
DA:40,0
DA:42,0
DA:43,0
DA:47,0
DA:48,0
DA:51,0
DA:52,0
DA:54,0
DA:55,0
DA:56,0
DA:59,0
DA:64,0
DA:65,0
DA:68,0
DA:69,0
DA:72,0
DA:73,0
DA:75,0
DA:76,0
DA:77,0
DA:79,0
DA:90,0
DA:95,0
DA:98,0
DA:103,0
DA:106,0
DA:109,0
DA:112,0
DA:115,0
DA:120,0
DA:126,0
DA:127,0
DA:128,0
DA:130,0
DA:131,0
DA:132,0
DA:135,0
DA:144,0
DA:145,0
DA:146,0
DA:147,0
DA:149,0
DA:150,0
DA:151,0
DA:154,0
DA:163,0
DA:164,0
DA:165,0
DA:166,0
DA:168,0
DA:172,0
DA:173,0
DA:182,0
DA:183,0
DA:184,0
DA:189,0
DA:191,0
LF:66
LH:0
BRDA:23,0,0,0
BRDA:24,1,0,0
BRDA:24,1,1,0
BRDA:34,2,0,0
BRDA:42,3,0,0
BRDA:42,3,1,0
BRDA:47,4,0,0
BRDA:47,4,1,0
BRDA:47,5,0,0
BRDA:47,5,1,0
BRDA:54,6,0,0
BRDA:54,6,1,0
BRDA:75,7,0,0
BRDA:75,7,1,0
BRDA:75,8,0,0
BRDA:75,8,1,0
BRDA:76,9,0,0
BRDA:76,9,1,0
BRDA:83,10,0,0
BRDA:83,10,1,0
BRDA:146,11,0,0
BRDA:146,11,1,0
BRDA:177,12,0,0
BRDA:177,12,1,0
BRF:24
BRH:0
end_of_record
TN:
SF:src\middleware\csrfGenerator.ts
FN:10,(anonymous_1)
FN:39,(anonymous_2)
FNF:2
FNH:2
FNDA:2,(anonymous_1)
FNDA:4,(anonymous_2)
DA:6,1
DA:7,1
DA:10,1
DA:15,2
DA:22,2
DA:23,1
DA:25,1
DA:30,1
DA:32,1
DA:35,2
DA:39,1
DA:44,4
DA:50,4
DA:54,4
DA:55,1
DA:56,1
DA:61,3
DA:66,3
DA:68,3
DA:71,3
DA:77,1
DA:78,1
DA:87,1
DA:92,2
DA:94,2
DA:95,2
DA:98,0
DA:99,0
DA:103,2
DA:104,2
DA:105,2
DA:110,2
DA:111,1
DA:112,1
DA:113,1
DA:118,1
DA:119,0
DA:120,0
DA:121,0
DA:126,1
DA:127,1
DA:128,1
DA:130,1
DA:131,0
DA:132,0
DA:133,0
DA:137,0
DA:141,1
DA:144,1
DA:154,1
DA:157,0
DA:162,1
DA:165,1
LF:53
LH:43
BRDA:22,0,0,1
BRDA:22,0,1,1
BRDA:54,1,0,1
BRDA:54,1,1,3
BRDA:61,2,0,3
BRDA:61,2,1,1
BRDA:61,2,2,1
BRDA:61,2,3,1
BRDA:71,3,0,1
BRDA:71,3,1,2
BRDA:72,4,0,3
BRDA:72,4,1,2
BRDA:72,4,2,2
BRDA:72,4,3,2
BRDA:110,5,0,1
BRDA:110,5,1,1
BRDA:111,6,0,1
BRDA:111,6,1,0
BRDA:118,7,0,0
BRDA:118,7,1,1
BRDA:119,8,0,0
BRDA:119,8,1,0
BRDA:130,9,0,0
BRDA:130,9,1,1
BRDA:131,10,0,0
BRDA:131,10,1,0
BRF:26
BRH:19
end_of_record
TN:
SF:src\middleware\enhancedSecurity.ts
FN:15,(anonymous_0)
FN:41,(anonymous_1)
FN:67,(anonymous_2)
FN:93,(anonymous_3)
FN:149,(anonymous_4)
FN:192,(anonymous_5)
FNF:6
FNH:0
FNDA:0,(anonymous_0)
FNDA:0,(anonymous_1)
FNDA:0,(anonymous_2)
FNDA:0,(anonymous_3)
FNDA:0,(anonymous_4)
FNDA:0,(anonymous_5)
DA:6,0
DA:16,0
DA:25,0
DA:32,0
DA:42,0
DA:51,0
DA:58,0
DA:68,0
DA:77,0
DA:84,0
DA:94,0
DA:103,0
DA:111,0
DA:149,0
DA:155,0
DA:156,0
DA:161,0
DA:168,0
DA:169,0
DA:171,0
DA:172,0
DA:173,0
DA:184,0
DA:188,0
DA:192,0
DA:198,0
DA:199,0
DA:200,0
DA:201,0
DA:204,0
DA:205,0
DA:211,0
LF:32
LH:0
BRDA:143,0,0,0
BRDA:143,0,1,0
BRDA:155,1,0,0
BRDA:155,1,1,0
BRDA:169,2,0,0
BRDA:169,2,1,0
BRDA:172,3,0,0
BRDA:172,3,1,0
BRDA:172,4,0,0
BRDA:172,4,1,0
BRDA:204,5,0,0
BRDA:204,5,1,0
BRF:12
BRH:0
end_of_record
TN:
SF:src\middleware\errorHandler.ts
FN:13,(anonymous_0)
FNF:1
FNH:0
FNDA:0,(anonymous_0)
DA:13,0
DA:19,0
DA:21,0
DA:30,0
DA:31,0
DA:34,0
DA:39,0
DA:40,0
DA:44,0
DA:45,0
DA:46,0
DA:49,0
DA:54,0
DA:55,0
DA:58,0
DA:63,0
DA:64,0
DA:66,0
LF:18
LH:0
BRDA:19,0,0,0
BRDA:19,0,1,0
BRDA:19,1,0,0
BRDA:19,1,1,0
BRDA:22,2,0,0
BRDA:22,2,1,0
BRDA:23,3,0,0
BRDA:23,3,1,0
BRDA:24,4,0,0
BRDA:24,4,1,0
BRDA:30,5,0,0
BRDA:30,5,1,0
BRDA:31,6,0,0
BRDA:31,6,1,0
BRDA:39,7,0,0
BRDA:39,7,1,0
BRDA:39,8,0,0
BRDA:39,8,1,0
BRDA:44,9,0,0
BRDA:44,9,1,0
BRF:20
BRH:0
end_of_record
TN:
SF:src\middleware\fileUpload.ts
FN:22,(anonymous_0)
FN:25,(anonymous_1)
FN:35,(anonymous_2)
FNF:3
FNH:0
FNDA:0,(anonymous_0)
FNDA:0,(anonymous_1)
FNDA:0,(anonymous_2)
DA:8,0
DA:9,0
DA:10,0
DA:11,0
DA:12,0
DA:13,0
DA:16,0
DA:21,0
DA:23,0
DA:26,0
DA:27,0
DA:35,0
DA:40,0
DA:57,0
DA:58,0
DA:60,0
DA:69,0
LF:17
LH:0
BRDA:11,0,0,0
BRDA:11,0,1,0
BRDA:57,1,0,0
BRDA:57,1,1,0
BRF:4
BRH:0
end_of_record
TN:
SF:src\middleware\performance.ts
FN:25,(anonymous_0)
FN:41,(anonymous_1)
FN:52,(anonymous_2)
FN:121,(anonymous_3)
FN:126,(anonymous_4)
FN:144,(anonymous_5)
FN:146,(anonymous_6)
FN:182,(anonymous_7)
FN:183,(anonymous_8)
FN:189,(anonymous_9)
FN:192,(anonymous_10)
FN:213,(anonymous_11)
FN:214,(anonymous_12)
FNF:13
FNH:0
FNDA:0,(anonymous_0)
FNDA:0,(anonymous_1)
FNDA:0,(anonymous_2)
FNDA:0,(anonymous_3)
FNDA:0,(anonymous_4)
FNDA:0,(anonymous_5)
FNDA:0,(anonymous_6)
FNDA:0,(anonymous_7)
FNDA:0,(anonymous_8)
FNDA:0,(anonymous_9)
FNDA:0,(anonymous_10)
FNDA:0,(anonymous_11)
FNDA:0,(anonymous_12)
DA:2,1
DA:14,1
DA:24,1
DA:26,0
DA:27,0
DA:28,0
DA:32,0
DA:33,0
DA:34,0
DA:35,0
DA:36,0
DA:41,1
DA:46,0
DA:47,0
DA:50,0
DA:52,0
DA:53,0
DA:54,0
DA:56,0
DA:57,0
DA:65,0
DA:66,0
DA:72,0
DA:73,0
DA:76,0
DA:77,0
DA:81,0
DA:86,0
DA:102,0
DA:103,0
DA:104,0
DA:108,0
DA:114,0
DA:117,0
DA:121,1
DA:126,1
DA:127,0
DA:128,0
DA:144,1
DA:145,0
DA:147,0
DA:148,0
DA:156,0
DA:158,0
DA:168,0
DA:169,0
DA:182,0
DA:183,0
DA:185,0
DA:189,1
DA:190,0
DA:192,0
DA:193,0
DA:194,0
DA:199,0
DA:200,0
DA:209,0
DA:213,0
DA:214,0
DA:216,0
LF:60
LH:8
BRDA:72,0,0,0
BRDA:72,0,1,0
BRDA:76,1,0,0
BRDA:76,1,1,0
BRDA:81,2,0,0
BRDA:81,2,1,0
BRDA:82,3,0,0
BRDA:82,3,1,0
BRDA:108,4,0,0
BRDA:108,4,1,0
BRDA:156,5,0,0
BRDA:156,5,1,0
BRDA:168,6,0,0
BRDA:168,6,1,0
BRDA:199,7,0,0
BRDA:199,7,1,0
BRDA:199,8,0,0
BRDA:199,8,1,0
BRF:18
BRH:0
end_of_record
TN:
SF:src\middleware\performanceMonitoring.ts
FN:19,(anonymous_0)
FN:28,(anonymous_1)
FN:32,(anonymous_2)
FN:33,(anonymous_3)
FN:36,(anonymous_4)
FN:38,(anonymous_5)
FN:39,(anonymous_6)
FN:42,(anonymous_7)
FN:44,(anonymous_8)
FN:49,(anonymous_9)
FN:53,(anonymous_10)
FN:57,(anonymous_11)
FN:62,(anonymous_12)
FN:66,(anonymous_13)
FN:68,(anonymous_14)
FN:76,(anonymous_15)
FN:86,(anonymous_16)
FN:87,(anonymous_17)
FN:93,(anonymous_18)
FN:149,(anonymous_19)
FN:199,(anonymous_20)
FNF:21
FNH:0
FNDA:0,(anonymous_0)
FNDA:0,(anonymous_1)
FNDA:0,(anonymous_2)
FNDA:0,(anonymous_3)
FNDA:0,(anonymous_4)
FNDA:0,(anonymous_5)
FNDA:0,(anonymous_6)
FNDA:0,(anonymous_7)
FNDA:0,(anonymous_8)
FNDA:0,(anonymous_9)
FNDA:0,(anonymous_10)
FNDA:0,(anonymous_11)
FNDA:0,(anonymous_12)
FNDA:0,(anonymous_13)
FNDA:0,(anonymous_14)
FNDA:0,(anonymous_15)
FNDA:0,(anonymous_16)
FNDA:0,(anonymous_17)
FNDA:0,(anonymous_18)
FNDA:0,(anonymous_19)
FNDA:0,(anonymous_20)
DA:16,0
DA:17,0
DA:20,0
DA:23,0
DA:24,0
DA:29,0
DA:33,0
DA:37,0
DA:38,0
DA:39,0
DA:43,0
DA:44,0
DA:47,0
DA:49,0
DA:50,0
DA:55,0
DA:56,0
DA:57,0
DA:60,0
DA:62,0
DA:63,0
DA:67,0
DA:68,0
DA:77,0
DA:81,0
DA:86,0
DA:87,0
DA:88,0
DA:89,0
DA:92,0
DA:93,0
DA:94,0
DA:95,0
DA:96,0
DA:98,0
DA:109,0
DA:112,0
DA:113,0
DA:126,0
DA:127,0
DA:139,0
DA:142,0
DA:149,0
DA:154,0
DA:155,0
DA:157,0
DA:158,0
DA:159,0
DA:160,0
DA:163,0
DA:164,0
DA:176,0
DA:178,0
DA:179,0
DA:181,0
DA:192,0
DA:199,0
DA:200,0
DA:201,0
DA:204,0
DA:205,0
DA:209,0
DA:210,0
DA:212,0
DA:215,0
DA:225,0
DA:227,0
DA:228,0
LF:68
LH:0
BRDA:23,0,0,0
BRDA:23,0,1,0
BRDA:28,1,0,0
BRDA:32,2,0,0
BRDA:36,3,0,0
BRDA:43,4,0,0
BRDA:43,4,1,0
BRDA:47,5,0,0
BRDA:47,5,1,0
BRDA:53,6,0,0
BRDA:60,7,0,0
BRDA:60,7,1,0
BRDA:106,8,0,0
BRDA:106,8,1,0
BRDA:112,9,0,0
BRDA:112,9,1,0
BRDA:126,10,0,0
BRDA:126,10,1,0
BRDA:163,11,0,0
BRDA:163,11,1,0
BRDA:186,12,0,0
BRDA:186,12,1,0
BRDA:204,13,0,0
BRDA:204,13,1,0
BRDA:207,14,0,0
BRDA:207,14,1,0
BRDA:209,15,0,0
BRDA:209,15,1,0
BRDA:210,16,0,0
BRDA:210,16,1,0
BRDA:212,17,0,0
BRDA:212,17,1,0
BRF:32
BRH:0
end_of_record
TN:
SF:src\middleware\performanceOptimization.ts
FN:7,(anonymous_0)
FN:22,(anonymous_1)
FN:29,(anonymous_2)
FN:60,(anonymous_3)
FN:76,(anonymous_4)
FN:84,(anonymous_5)
FN:89,(anonymous_6)
FN:97,(anonymous_7)
FN:106,(anonymous_8)
FN:120,(anonymous_9)
FN:126,(anonymous_10)
FN:137,(anonymous_11)
FN:149,(anonymous_12)
FN:173,(anonymous_13)
FN:200,(anonymous_14)
FN:225,(anonymous_15)
FN:226,(anonymous_16)
FN:244,(anonymous_17)
FNF:18
FNH:0
FNDA:0,(anonymous_0)
FNDA:0,(anonymous_1)
FNDA:0,(anonymous_2)
FNDA:0,(anonymous_3)
FNDA:0,(anonymous_4)
FNDA:0,(anonymous_5)
FNDA:0,(anonymous_6)
FNDA:0,(anonymous_7)
FNDA:0,(anonymous_8)
FNDA:0,(anonymous_9)
FNDA:0,(anonymous_10)
FNDA:0,(anonymous_11)
FNDA:0,(anonymous_12)
FNDA:0,(anonymous_13)
FNDA:0,(anonymous_14)
FNDA:0,(anonymous_15)
FNDA:0,(anonymous_16)
FNDA:0,(anonymous_17)
DA:6,0
DA:9,0
DA:10,0
DA:14,0
DA:22,0
DA:27,0
DA:29,0
DA:30,0
DA:33,0
DA:34,0
DA:47,0
DA:50,0
DA:54,0
DA:58,0
DA:60,0
DA:66,0
DA:67,0
DA:70,0
DA:71,0
DA:73,0
DA:75,0
DA:77,0
DA:80,0
DA:84,0
DA:85,0
DA:86,0
DA:87,0
DA:89,0
DA:90,0
DA:91,0
DA:92,0
DA:94,0
DA:97,0
DA:98,0
DA:99,0
DA:100,0
DA:102,0
DA:106,0
DA:107,0
DA:108,0
DA:109,0
DA:113,0
DA:117,0
DA:120,0
DA:121,0
DA:126,0
DA:132,0
DA:137,0
DA:139,0
DA:145,0
DA:149,0
DA:155,0
DA:156,0
DA:162,0
DA:163,0
DA:169,0
DA:173,0
DA:179,0
DA:182,0
DA:189,0
DA:190,0
DA:196,0
DA:200,0
DA:206,0
DA:208,0
DA:209,0
DA:210,0
DA:211,0
DA:215,0
DA:221,0
DA:225,0
DA:226,0
DA:227,0
DA:228,0
DA:230,0
DA:231,0
DA:236,0
DA:239,0
DA:244,0
DA:245,0
DA:246,0
DA:248,0
DA:249,0
DA:252,0
DA:253,0
DA:255,0
LF:86
LH:0
BRDA:9,0,0,0
BRDA:9,0,1,0
BRDA:33,1,0,0
BRDA:33,1,1,0
BRDA:37,2,0,0
BRDA:37,2,1,0
BRDA:66,3,0,0
BRDA:66,3,1,0
BRDA:70,4,0,0
BRDA:70,4,1,0
BRDA:73,5,0,0
BRDA:73,5,1,0
BRDA:73,6,0,0
BRDA:73,6,1,0
BRDA:90,7,0,0
BRDA:90,7,1,0
BRDA:98,8,0,0
BRDA:98,8,1,0
BRDA:107,9,0,0
BRDA:107,9,1,0
BRDA:137,10,0,0
BRDA:137,10,1,0
BRDA:155,11,0,0
BRDA:155,11,1,0
BRDA:158,12,0,0
BRDA:158,12,1,0
BRDA:162,13,0,0
BRDA:162,13,1,0
BRDA:179,14,0,0
BRDA:179,14,1,0
BRDA:189,15,0,0
BRDA:189,15,1,0
BRDA:189,16,0,0
BRDA:189,16,1,0
BRDA:206,17,0,0
BRDA:206,17,1,0
BRDA:208,18,0,0
BRDA:208,18,1,0
BRDA:210,19,0,0
BRDA:210,19,1,0
BRDA:225,20,0,0
BRDA:227,21,0,0
BRDA:227,21,1,0
BRDA:230,22,0,0
BRDA:230,22,1,0
BRDA:248,23,0,0
BRDA:248,23,1,0
BRDA:253,24,0,0
BRDA:253,24,1,0
BRF:49
BRH:0
end_of_record
TN:
SF:src\middleware\security.ts
FN:8,(anonymous_0)
FN:31,(anonymous_1)
FN:91,(anonymous_2)
FN:99,(anonymous_3)
FN:123,(anonymous_4)
FN:136,(anonymous_5)
FN:137,(anonymous_6)
FN:165,(anonymous_7)
FN:166,(anonymous_8)
FN:197,parseSize
FNF:10
FNH:0
FNDA:0,(anonymous_0)
FNDA:0,(anonymous_1)
FNDA:0,(anonymous_2)
FNDA:0,(anonymous_3)
FNDA:0,(anonymous_4)
FNDA:0,(anonymous_5)
FNDA:0,(anonymous_6)
FNDA:0,(anonymous_7)
FNDA:0,(anonymous_8)
FNDA:0,parseSize
DA:8,0
DA:15,0
DA:32,0
DA:42,0
DA:56,0
DA:63,0
DA:72,0
DA:79,0
DA:88,0
DA:91,0
DA:99,0
DA:106,0
DA:107,0
DA:110,0
DA:111,0
DA:115,0
DA:116,0
DA:119,0
DA:123,0
DA:125,0
DA:129,0
DA:130,0
DA:132,0
DA:136,0
DA:137,0
DA:139,0
DA:143,0
DA:144,0
DA:154,0
DA:160,0
DA:165,0
DA:166,0
DA:167,0
DA:169,0
DA:170,0
DA:171,0
DA:173,0
DA:174,0
DA:185,0
DA:192,0
DA:198,0
DA:205,0
DA:206,0
DA:207,0
DA:210,0
DA:211,0
DA:213,0
LF:47
LH:0
BRDA:16,0,0,0
BRDA:16,0,1,0
BRDA:17,1,0,0
BRDA:17,1,1,0
BRDA:21,2,0,0
BRDA:21,2,1,0
BRDA:24,3,0,0
BRDA:24,3,1,0
BRDA:29,4,0,0
BRDA:29,4,1,0
BRDA:30,5,0,0
BRDA:30,5,1,0
BRDA:45,6,0,0
BRDA:45,6,1,0
BRDA:48,7,0,0
BRDA:48,7,1,0
BRDA:106,8,0,0
BRDA:106,8,1,0
BRDA:110,9,0,0
BRDA:110,9,1,0
BRDA:110,10,0,0
BRDA:110,10,1,0
BRDA:125,11,0,0
BRDA:125,11,1,0
BRDA:125,11,2,0
BRDA:139,12,0,0
BRDA:139,12,1,0
BRDA:143,13,0,0
BRDA:143,13,1,0
BRDA:143,14,0,0
BRDA:143,14,1,0
BRDA:165,15,0,0
BRDA:169,16,0,0
BRDA:169,16,1,0
BRDA:173,17,0,0
BRDA:173,17,1,0
BRDA:206,18,0,0
BRDA:206,18,1,0
BRDA:211,19,0,0
BRDA:211,19,1,0
BRF:40
BRH:0
end_of_record
TN:
SF:src\middleware\userTyped.ts
FN:4,(anonymous_0)
FNF:1
FNH:0
FNDA:0,(anonymous_0)
DA:4,0
DA:5,0
DA:6,0
LF:3
LH:0
BRF:0
BRH:0
end_of_record
TN:
SF:src\middleware\validate.ts
FN:94,(anonymous_0)
FN:95,(anonymous_1)
FN:103,(anonymous_2)
FNF:3
FNH:0
FNDA:0,(anonymous_0)
FNDA:0,(anonymous_1)
FNDA:0,(anonymous_2)
DA:11,0
DA:13,0
DA:16,0
DA:62,0
DA:67,0
DA:71,0
DA:75,0
DA:79,0
DA:86,0
DA:94,0
DA:95,0
DA:100,0
DA:102,0
DA:103,0
DA:109,0
DA:114,0
DA:116,0
LF:17
LH:0
BRDA:102,0,0,0
BRDA:102,0,1,0
BRDA:104,1,0,0
BRDA:104,1,1,0
BRDA:105,2,0,0
BRDA:105,2,1,0
BRDA:106,3,0,0
BRDA:106,3,1,0
BRF:8
BRH:0
end_of_record
TN:
SF:src\models\AdminAction.ts
FN:106,(anonymous_1)
FNF:1
FNH:0
FNDA:0,(anonymous_1)
DA:1,1
DA:27,1
DA:106,1
DA:107,0
DA:108,0
DA:109,0
DA:110,0
DA:112,0
DA:116,1
DA:117,1
DA:118,1
DA:119,1
DA:120,1
DA:122,1
LF:14
LH:9
BRDA:107,0,0,0
BRDA:107,0,1,0
BRDA:107,1,0,0
BRDA:107,1,1,0
BRDA:109,2,0,0
BRDA:109,2,1,0
BRF:6
BRH:0
end_of_record
TN:
SF:src\models\CalendarEvent.ts
FNF:0
FNH:0
DA:15,0
DA:61,0
LF:2
LH:0
BRF:0
BRH:0
end_of_record
TN:
SF:src\models\Chat.ts
FN:179,(anonymous_0)
FNF:1
FNH:0
FNDA:0,(anonymous_0)
DA:56,0
DA:105,0
DA:173,0
DA:174,0
DA:175,0
DA:176,0
DA:179,0
DA:180,0
DA:181,0
DA:183,0
LF:10
LH:0
BRDA:180,0,0,0
BRDA:180,0,1,0
BRDA:180,1,0,0
BRDA:180,1,1,0
BRF:4
BRH:0
end_of_record
TN:
SF:src\models\Document.ts
FNF:0
FNH:0
DA:1,1
DA:16,1
DA:57,1
DA:58,1
DA:59,1
DA:61,1
LF:6
LH:6
BRF:0
BRH:0
end_of_record
TN:
SF:src\models\Group.ts
FNF:0
FNH:0
DA:3,0
DA:98,0
DA:99,0
DA:100,0
LF:4
LH:0
BRF:0
BRH:0
end_of_record
TN:
SF:src\models\PolicyVersion.ts
FNF:0
FNH:0
DA:17,0
DA:63,0
LF:2
LH:0
BRF:0
BRH:0
end_of_record
TN:
SF:src\models\User.ts
FN:81,(anonymous_1)
FN:94,(anonymous_2)
FN:170,(anonymous_3)
FNF:3
FNH:0
FNDA:0,(anonymous_1)
FNDA:0,(anonymous_2)
FNDA:0,(anonymous_3)
DA:1,4
DA:63,4
DA:82,0
DA:95,0
DA:96,0
DA:98,0
DA:171,0
DA:300,4
DA:301,4
DA:303,4
LF:10
LH:5
BRDA:95,0,0,0
BRDA:95,0,1,0
BRDA:95,1,0,0
BRDA:95,1,1,0
BRF:4
BRH:0
end_of_record
TN:
SF:src\models\UserData.ts
FNF:0
FNH:0
DA:52,0
DA:53,0
DA:56,0
DA:65,0
DA:74,0
DA:84,0
DA:93,0
DA:112,0
DA:113,0
DA:114,0
DA:116,0
DA:117,0
DA:118,0
LF:13
LH:0
BRF:0
BRH:0
end_of_record
TN:
SF:src\routes\admin.ts
FNF:0
FNH:0
DA:29,0
DA:32,0
DA:33,0
DA:34,0
DA:37,0
DA:43,0
DA:49,0
DA:57,0
DA:60,0
DA:61,0
DA:62,0
DA:63,0
DA:64,0
DA:69,0
DA:70,0
DA:71,0
DA:72,0
DA:73,0
DA:80,0
DA:85,0
DA:86,0
DA:91,0
LF:22
LH:0
BRF:0
BRH:0
end_of_record
TN:
SF:src\routes\auth.ts
FN:41,(anonymous_0)
FN:48,(anonymous_1)
FN:74,(anonymous_2)
FN:133,(anonymous_3)
FN:195,(anonymous_4)
FN:226,(anonymous_5)
FNF:6
FNH:0
FNDA:0,(anonymous_0)
FNDA:0,(anonymous_1)
FNDA:0,(anonymous_2)
FNDA:0,(anonymous_3)
FNDA:0,(anonymous_4)
FNDA:0,(anonymous_5)
DA:38,0
DA:41,0
DA:46,0
DA:48,0
DA:49,0
DA:50,0
DA:60,0
DA:61,0
DA:63,0
DA:67,0
DA:71,0
DA:74,0
DA:76,0
DA:83,0
DA:92,0
DA:101,0
DA:110,0
DA:119,0
DA:122,0
DA:129,0
DA:134,0
DA:135,0
DA:137,0
DA:143,0
DA:152,0
DA:161,0
DA:170,0
DA:173,0
DA:185,0
DA:190,0
DA:197,0
DA:198,0
DA:200,0
DA:201,0
DA:202,0
DA:216,0
DA:221,0
DA:228,0
DA:229,0
DA:231,0
DA:232,0
DA:233,0
LF:42
LH:0
BRDA:60,0,0,0
BRDA:60,0,1,0
BRDA:78,1,0,0
BRDA:78,1,1,0
BRDA:197,2,0,0
BRDA:197,2,1,0
BRDA:201,3,0,0
BRDA:201,3,1,0
BRDA:228,4,0,0
BRDA:228,4,1,0
BRDA:232,5,0,0
BRDA:232,5,1,0
BRF:12
BRH:0
end_of_record
TN:
SF:src\routes\calendar.ts
FNF:0
FNH:0
DA:5,0
DA:8,0
DA:10,0
DA:11,0
LF:4
LH:0
BRF:0
BRH:0
end_of_record
TN:
SF:src\routes\chat.ts
FNF:0
FNH:0
DA:14,0
DA:17,0
DA:20,0
DA:21,0
DA:22,0
DA:23,0
DA:24,0
DA:25,0
DA:26,0
LF:9
LH:0
BRF:0
BRH:0
end_of_record
TN:
SF:src\routes\docs.ts
FN:58,(anonymous_0)
FNF:1
FNH:0
FNDA:0,(anonymous_0)
DA:6,0
DA:9,0
DA:40,0
DA:41,0
DA:58,0
DA:59,0
DA:60,0
LF:7
LH:0
BRF:0
BRH:0
end_of_record
TN:
SF:src\routes\documents.ts
FNF:0
FNH:0
DA:17,0
DA:20,0
DA:23,0
DA:26,0
DA:29,0
DA:32,0
DA:35,0
DA:38,0
DA:41,0
DA:45,0
DA:46,0
DA:49,0
LF:12
LH:0
BRF:0
BRH:0
end_of_record
TN:
SF:src\routes\feed.ts
FN:8,(anonymous_0)
FNF:1
FNH:0
FNDA:0,(anonymous_0)
DA:6,0
DA:8,0
DA:9,0
LF:3
LH:0
BRF:0
BRH:0
end_of_record
TN:
SF:src\routes\health.ts
FN:13,(anonymous_1)
FN:52,(anonymous_2)
FN:75,(anonymous_3)
FN:137,(anonymous_4)
FN:166,(anonymous_5)
FN:177,(anonymous_6)
FNF:6
FNH:1
FNDA:0,(anonymous_1)
FNDA:0,(anonymous_2)
FNDA:0,(anonymous_3)
FNDA:0,(anonymous_4)
FNDA:0,(anonymous_5)
FNDA:1,(anonymous_6)
DA:1,1
DA:2,1
DA:3,1
DA:7,1
DA:8,1
DA:10,1
DA:13,1
DA:14,0
DA:15,0
DA:16,0
DA:23,0
DA:25,0
DA:26,0
DA:35,0
DA:42,0
DA:43,0
DA:52,1
DA:53,0
DA:54,0
DA:55,0
DA:57,0
DA:65,0
DA:66,0
DA:75,1
DA:76,0
DA:77,0
DA:78,0
DA:83,0
DA:85,0
DA:87,0
DA:125,0
DA:127,0
DA:128,0
DA:137,1
DA:138,0
DA:139,0
DA:140,0
DA:144,0
DA:146,0
DA:156,0
DA:157,0
DA:166,1
DA:168,0
DA:177,1
DA:178,1
DA:181,1
LF:46
LH:14
BRDA:23,0,0,0
BRDA:23,0,1,0
BRDA:46,1,0,0
BRDA:46,1,1,0
BRDA:55,2,0,0
BRDA:55,2,1,0
BRDA:57,3,0,0
BRDA:57,3,1,0
BRDA:85,4,0,0
BRDA:85,4,1,0
BRDA:109,5,0,0
BRDA:109,5,1,0
BRDA:117,6,0,0
BRDA:117,6,1,0
BRDA:119,7,0,0
BRDA:119,7,1,0
BRDA:125,8,0,0
BRDA:125,8,1,0
BRDA:144,9,0,0
BRDA:144,9,1,0
BRDA:146,10,0,0
BRDA:146,10,1,0
BRF:22
BRH:0
end_of_record
TN:
SF:src\routes\monitoring.ts
FN:19,(anonymous_0)
FN:104,(anonymous_1)
FN:136,(anonymous_2)
FN:157,generateAlerts
FNF:4
FNH:0
FNDA:0,(anonymous_0)
FNDA:0,(anonymous_1)
FNDA:0,(anonymous_2)
FNDA:0,generateAlerts
DA:12,0
DA:15,0
DA:16,0
DA:19,0
DA:20,0
DA:21,0
DA:27,0
DA:28,0
DA:35,0
DA:93,0
DA:95,0
DA:96,0
DA:104,0
DA:105,0
DA:106,0
DA:107,0
DA:109,0
DA:125,0
DA:127,0
DA:128,0
DA:136,0
DA:137,0
DA:138,0
DA:139,0
DA:140,0
DA:142,0
DA:148,0
DA:149,0
DA:161,0
DA:164,0
DA:165,0
DA:177,0
DA:182,0
DA:183,0
DA:195,0
DA:200,0
DA:201,0
DA:212,0
DA:213,0
DA:214,0
DA:229,0
LF:41
LH:0
BRDA:52,0,0,0
BRDA:52,0,1,0
BRDA:65,1,0,0
BRDA:65,1,1,0
BRDA:73,2,0,0
BRDA:73,2,1,0
BRDA:86,3,0,0
BRDA:86,3,1,0
BRDA:115,4,0,0
BRDA:115,4,1,0
BRDA:164,5,0,0
BRDA:164,5,1,0
BRDA:171,6,0,0
BRDA:171,6,1,0
BRDA:177,7,0,0
BRDA:177,7,1,0
BRDA:182,8,0,0
BRDA:182,8,1,0
BRDA:189,9,0,0
BRDA:189,9,1,0
BRDA:195,10,0,0
BRDA:195,10,1,0
BRDA:200,11,0,0
BRDA:200,11,1,0
BRDA:207,12,0,0
BRDA:207,12,1,0
BRDA:213,13,0,0
BRDA:213,13,1,0
BRDA:220,14,0,0
BRDA:220,14,1,0
BRDA:222,15,0,0
BRDA:222,15,1,0
BRF:32
BRH:0
end_of_record
TN:
SF:src\routes\notifications.ts
FNF:0
FNH:0
DA:4,0
DA:6,0
LF:2
LH:0
BRF:0
BRH:0
end_of_record
TN:
SF:src\routes\policy.ts
FNF:0
FNH:0
DA:14,0
DA:17,0
DA:18,0
DA:21,0
DA:22,0
DA:24,0
DA:25,0
DA:26,0
LF:8
LH:0
BRF:0
BRH:0
end_of_record
TN:
SF:src\routes\social.ts
FNF:0
FNH:0
DA:22,0
DA:25,0
DA:28,0
DA:29,0
DA:30,0
DA:31,0
DA:32,0
DA:33,0
DA:36,0
DA:39,0
DA:40,0
DA:41,0
DA:42,0
DA:43,0
DA:44,0
DA:45,0
DA:46,0
LF:17
LH:0
BRF:0
BRH:0
end_of_record
TN:
SF:src\routes\socialFeed.ts
FNF:0
FNH:0
DA:10,0
DA:13,0
DA:16,0
DA:19,0
DA:22,0
DA:25,0
LF:6
LH:0
BRF:0
BRH:0
end_of_record
TN:
SF:src\routes\userData.ts
FNF:0
FNH:0
DA:14,0
DA:17,0
DA:21,0
DA:24,0
DA:27,0
DA:30,0
DA:33,0
DA:36,0
LF:8
LH:0
BRF:0
BRH:0
end_of_record
TN:
SF:src\routes\weather.ts
FNF:0
FNH:0
DA:4,0
DA:6,0
LF:2
LH:0
BRF:0
BRH:0
end_of_record
TN:
SF:src\scripts\activatePromotions.ts
FN:11,activatePromotions
FNF:1
FNH:0
FNDA:0,activatePromotions
DA:12,0
DA:14,0
DA:15,0
DA:17,0
DA:20,0
DA:25,0
DA:29,0
DA:30,0
DA:32,0
DA:33,0
DA:34,0
DA:35,0
DA:38,0
DA:39,0
DA:40,0
DA:46,0
DA:49,0
DA:68,0
DA:69,0
DA:79,0
DA:80,0
DA:91,0
DA:101,0
DA:102,0
DA:104,0
DA:106,0
DA:107,0
DA:112,0
LF:28
LH:0
BRDA:50,0,0,0
BRDA:50,0,1,0
BRF:2
BRH:0
end_of_record
TN:
SF:src\scripts\seedAdmin.ts
FN:5,(anonymous_0)
FNF:1
FNH:0
FNDA:0,(anonymous_0)
DA:5,0
DA:6,0
DA:7,0
DA:8,0
DA:9,0
DA:10,0
DA:12,0
DA:13,0
DA:14,0
DA:17,0
DA:18,0
DA:19,0
DA:22,0
DA:24,0
DA:25,0
DA:26,0
DA:28,0
DA:30,0
DA:31,0
DA:32,0
DA:35,0
DA:36,0
DA:37,0
DA:42,0
DA:44,0
DA:46,0
DA:48,0
DA:49,0
DA:50,0
DA:54,0
LF:30
LH:0
BRDA:12,0,0,0
BRDA:12,0,1,0
BRDA:17,1,0,0
BRDA:17,1,1,0
BRDA:17,2,0,0
BRDA:17,2,1,0
BRDA:17,2,2,0
BRDA:17,2,3,0
BRDA:30,3,0,0
BRDA:30,3,1,0
BRF:10
BRH:0
end_of_record
TN:
SF:src\tests\helpers\testApp.ts
FN:17,(anonymous_0)
FN:51,(anonymous_1)
FN:62,(anonymous_2)
FN:76,(anonymous_3)
FN:96,(anonymous_4)
FN:97,(anonymous_5)
FN:98,(anonymous_6)
FN:102,(anonymous_7)
FN:118,(anonymous_8)
FN:119,(anonymous_9)
FN:120,(anonymous_10)
FN:126,(anonymous_11)
FNF:12
FNH:0
FNDA:0,(anonymous_0)
FNDA:0,(anonymous_1)
FNDA:0,(anonymous_2)
FNDA:0,(anonymous_3)
FNDA:0,(anonymous_4)
FNDA:0,(anonymous_5)
FNDA:0,(anonymous_6)
FNDA:0,(anonymous_7)
FNDA:0,(anonymous_8)
FNDA:0,(anonymous_9)
FNDA:0,(anonymous_10)
FNDA:0,(anonymous_11)
DA:17,0
DA:18,0
DA:21,0
DA:22,0
DA:23,0
DA:24,0
DA:27,0
DA:35,0
DA:36,0
DA:37,0
DA:40,0
DA:41,0
DA:42,0
DA:45,0
DA:47,0
DA:51,0
DA:52,0
DA:53,0
DA:55,0
DA:56,0
DA:57,0
DA:62,0
DA:63,0
DA:76,0
DA:77,0
DA:79,0
DA:85,0
DA:91,0
DA:95,0
DA:96,0
DA:97,0
DA:98,0
DA:102,0
DA:104,0
DA:105,0
DA:106,0
DA:108,0
DA:109,0
DA:110,0
DA:111,0
DA:114,0
DA:115,0
DA:116,0
DA:118,0
DA:119,0
DA:120,0
DA:122,0
DA:126,0
DA:131,0
DA:132,0
DA:133,0
DA:134,0
LF:52
LH:0
BRDA:62,0,0,0
BRDA:81,1,0,0
BRDA:81,1,1,0
BRDA:87,2,0,0
BRDA:87,2,1,0
BRDA:131,3,0,0
BRDA:131,3,1,0
BRF:7
BRH:0
end_of_record
TN:
SF:src\tests\helpers\testDatabase.ts
FN:9,(anonymous_10)
FN:40,(anonymous_11)
FN:59,(anonymous_12)
FN:71,(anonymous_13)
FN:72,(anonymous_14)
FN:73,(anonymous_15)
FN:102,(anonymous_16)
FN:111,(anonymous_17)
FN:123,(anonymous_18)
FN:150,(anonymous_19)
FNF:10
FNH:3
FNDA:0,(anonymous_10)
FNDA:0,(anonymous_11)
FNDA:0,(anonymous_12)
FNDA:0,(anonymous_13)
FNDA:0,(anonymous_14)
FNDA:0,(anonymous_15)
FNDA:0,(anonymous_16)
FNDA:24,(anonymous_17)
FNDA:19,(anonymous_18)
FNDA:9,(anonymous_19)
DA:1,4
DA:2,4
DA:3,4
DA:5,4
DA:6,4
DA:7,4
DA:10,0
DA:12,0
DA:22,0
DA:25,0
DA:32,0
DA:33,0
DA:35,0
DA:36,0
DA:41,0
DA:42,0
DA:43,0
DA:44,0
DA:45,0
DA:48,0
DA:49,0
DA:50,0
DA:52,0
DA:54,0
DA:55,0
DA:60,0
DA:61,0
DA:64,0
DA:65,0
DA:66,0
DA:67,0
DA:72,0
DA:73,0
DA:76,0
DA:85,0
DA:88,0
DA:97,0
DA:99,0
DA:103,0
DA:108,4
DA:111,24
DA:123,19
DA:136,4
DA:150,9
LF:44
LH:11
BRDA:42,0,0,0
BRDA:42,0,1,0
BRDA:48,1,0,0
BRDA:48,1,1,0
BRDA:60,2,0,0
BRDA:60,2,1,0
BRDA:103,3,0,0
BRDA:103,3,1,0
BRDA:111,4,0,15
BRDA:123,5,0,12
BRF:10
BRH:2
end_of_record
TN:
SF:src\types\auth.enums.ts
FN:1,(anonymous_0)
FN:7,(anonymous_1)
FNF:2
FNH:2
FNDA:1,(anonymous_0)
FNDA:1,(anonymous_1)
DA:1,1
DA:2,1
DA:3,1
DA:4,1
DA:7,1
DA:8,1
DA:9,1
DA:10,1
DA:11,1
DA:12,1
DA:13,1
DA:14,1
DA:15,1
DA:16,1
DA:17,1
DA:18,1
DA:19,1
DA:20,1
DA:21,1
DA:22,1
DA:23,1
DA:24,1
DA:25,1
DA:26,1
DA:27,1
DA:28,1
LF:26
LH:26
BRDA:1,0,0,1
BRDA:1,0,1,1
BRDA:7,1,0,1
BRDA:7,1,1,1
BRF:4
BRH:4
end_of_record
TN:
SF:src\utils\dbIndexes.ts
FN:8,(anonymous_0)
FN:87,(anonymous_1)
FNF:2
FNH:0
FNDA:0,(anonymous_0)
FNDA:0,(anonymous_1)
DA:8,0
DA:9,0
DA:10,0
DA:13,0
DA:14,0
DA:15,0
DA:16,0
DA:17,0
DA:18,0
DA:21,0
DA:22,0
DA:23,0
DA:24,0
DA:25,0
DA:26,0
DA:29,0
DA:30,0
DA:31,0
DA:35,0
DA:36,0
DA:37,0
DA:48,0
DA:58,0
DA:68,0
DA:77,0
DA:80,0
DA:87,0
DA:88,0
DA:89,0
DA:91,0
DA:92,0
DA:93,0
DA:94,0
DA:95,0
DA:99,0
LF:35
LH:0
BRDA:93,0,0,0
BRDA:93,0,1,0
BRF:2
BRH:0
end_of_record
TN:
SF:src\utils\emailContent.ts
FN:26,createEmailTemplate
FN:142,createTextVersion
FN:180,createEmailVerificationTemplate
FN:224,createPasswordResetTemplate
FN:277,createPasswordChangeConfirmationTemplate
FN:314,createDocumentShareTemplate
FNF:6
FNH:6
FNDA:16,createEmailTemplate
FNDA:16,createTextVersion
FNDA:8,createEmailVerificationTemplate
FNDA:3,createPasswordResetTemplate
FNDA:2,createPasswordChangeConfirmationTemplate
FNDA:3,createDocumentShareTemplate
DA:1,2
DA:16,2
DA:31,16
DA:33,16
DA:147,16
DA:150,16
DA:162,16
DA:180,2
DA:184,8
DA:185,8
DA:187,8
DA:214,8
DA:224,2
DA:229,3
DA:230,3
DA:232,3
DA:267,3
DA:277,2
DA:281,2
DA:282,2
DA:284,2
DA:304,2
DA:314,2
DA:322,3
DA:323,3
DA:325,3
DA:358,3
LF:27
LH:27
BRDA:29,0,0,0
BRDA:145,1,0,0
BRDA:182,2,0,1
BRDA:227,3,0,0
BRDA:279,4,0,0
BRDA:320,5,0,0
BRDA:333,6,0,2
BRDA:333,6,1,1
BRDA:338,7,0,1
BRDA:338,7,1,2
BRF:10
BRH:5
end_of_record
TN:
SF:src\utils\emailService.ts
FN:20,(anonymous_0)
FNF:1
FNH:0
FNDA:0,(anonymous_0)
DA:4,0
DA:20,0
DA:21,0
DA:23,0
DA:36,0
DA:43,0
DA:44,0
DA:50,0
DA:54,0
LF:9
LH:0
BRDA:23,0,0,0
BRDA:23,0,1,0
BRDA:43,1,0,0
BRDA:43,1,1,0
BRF:4
BRH:0
end_of_record
TN:
SF:src\utils\enhancedEmailService.ts
FN:34,extractUrlsFromHtml
FN:53,validateEmailUrls
FN:70,(anonymous_3)
FN:104,(anonymous_4)
FN:128,(anonymous_5)
FN:134,(anonymous_6)
FN:216,(anonymous_7)
FN:251,(anonymous_8)
FN:269,(anonymous_9)
FNF:9
FNH:0
FNDA:0,extractUrlsFromHtml
FNDA:0,validateEmailUrls
FNDA:0,(anonymous_3)
FNDA:0,(anonymous_4)
FNDA:0,(anonymous_5)
FNDA:0,(anonymous_6)
FNDA:0,(anonymous_7)
FNDA:0,(anonymous_8)
FNDA:0,(anonymous_9)
DA:1,2
DA:2,2
DA:3,2
DA:5,2
DA:35,0
DA:36,0
DA:39,0
DA:40,0
DA:42,0
DA:43,0
DA:47,0
DA:57,0
DA:58,0
DA:60,0
DA:61,0
DA:64,0
DA:70,0
DA:71,0
DA:72,0
DA:80,0
DA:82,0
DA:83,0
DA:87,0
DA:88,0
DA:93,0
DA:97,0
DA:98,0
DA:104,2
DA:107,0
DA:110,0
DA:112,0
DA:113,0
DA:119,0
DA:121,0
DA:127,0
DA:128,0
DA:131,0
DA:132,0
DA:134,0
DA:148,0
DA:157,0
DA:165,0
DA:166,0
DA:170,0
DA:172,0
DA:174,0
DA:185,0
DA:191,0
DA:193,0
DA:195,0
DA:205,0
DA:216,2
DA:221,0
DA:223,0
DA:224,0
DA:225,0
DA:227,0
DA:228,0
DA:229,0
DA:234,0
DA:237,0
DA:239,0
DA:240,0
DA:251,0
DA:252,0
DA:256,0
DA:258,0
DA:259,0
DA:269,0
DA:270,0
DA:276,0
DA:286,0
LF:72
LH:6
BRDA:42,0,0,0
BRDA:42,0,1,0
BRDA:42,1,0,0
BRDA:42,1,1,0
BRDA:55,2,0,0
BRDA:60,3,0,0
BRDA:60,3,1,0
BRDA:76,4,0,0
BRDA:76,4,1,0
BRDA:77,5,0,0
BRDA:77,5,1,0
BRDA:82,6,0,0
BRDA:82,6,1,0
BRDA:87,7,0,0
BRDA:87,7,1,0
BRDA:112,8,0,0
BRDA:112,8,1,0
BRDA:112,9,0,0
BRDA:112,9,1,0
BRDA:112,9,2,0
BRDA:119,10,0,0
BRDA:119,10,1,0
BRDA:123,11,0,0
BRDA:123,11,1,0
BRDA:131,12,0,0
BRDA:131,12,1,0
BRDA:148,13,0,0
BRDA:148,13,1,0
BRDA:165,14,0,0
BRDA:165,14,1,0
BRDA:180,15,0,0
BRDA:180,15,1,0
BRDA:193,16,0,0
BRDA:193,16,1,0
BRDA:218,17,0,0
BRDA:219,18,0,0
BRDA:227,19,0,0
BRDA:227,19,1,0
BRDA:228,20,0,0
BRDA:228,20,1,0
BRDA:237,21,0,0
BRDA:237,21,1,0
BRDA:239,22,0,0
BRDA:239,22,1,0
BRDA:256,23,0,0
BRDA:256,23,1,0
BRDA:258,24,0,0
BRDA:258,24,1,0
BRF:48
BRH:0
end_of_record
TN:
SF:src\utils\errorHandler.ts
FN:25,(anonymous_0)
FN:44,(anonymous_1)
FN:63,(anonymous_2)
FN:108,(anonymous_3)
FN:122,(anonymous_4)
FN:153,(anonymous_5)
FN:161,(anonymous_6)
FN:168,(anonymous_7)
FN:175,(anonymous_8)
FN:182,(anonymous_9)
FN:189,(anonymous_10)
FN:192,(anonymous_11)
FN:198,(anonymous_12)
FNF:13
FNH:0
FNDA:0,(anonymous_0)
FNDA:0,(anonymous_1)
FNDA:0,(anonymous_2)
FNDA:0,(anonymous_3)
FNDA:0,(anonymous_4)
FNDA:0,(anonymous_5)
FNDA:0,(anonymous_6)
FNDA:0,(anonymous_7)
FNDA:0,(anonymous_8)
FNDA:0,(anonymous_9)
FNDA:0,(anonymous_10)
FNDA:0,(anonymous_11)
FNDA:0,(anonymous_12)
DA:25,0
DA:26,0
DA:27,0
DA:28,0
DA:29,0
DA:30,0
DA:31,0
DA:32,0
DA:33,0
DA:34,0
DA:51,0
DA:52,0
DA:53,0
DA:54,0
DA:55,0
DA:58,0
DA:63,0
DA:68,0
DA:69,0
DA:70,0
DA:73,0
DA:82,0
DA:83,0
DA:85,0
DA:89,0
DA:97,0
DA:98,0
DA:99,0
DA:100,0
DA:104,0
DA:108,0
DA:109,0
DA:111,0
DA:112,0
DA:121,0
DA:122,0
DA:126,0
DA:135,0
DA:136,0
DA:144,0
DA:153,0
DA:157,0
DA:161,0
DA:164,0
DA:168,0
DA:171,0
DA:175,0
DA:178,0
DA:182,0
DA:185,0
DA:189,0
DA:192,0
DA:193,0
DA:198,0
DA:206,0
DA:207,0
DA:211,0
DA:215,0
DA:216,0
DA:220,0
DA:229,0
DA:236,0
LF:62
LH:0
BRDA:25,0,0,0
BRDA:25,0,1,0
BRDA:46,1,0,0
BRDA:47,2,0,0
BRDA:48,3,0,0
BRDA:69,4,0,0
BRDA:69,4,1,0
BRDA:70,5,0,0
BRDA:70,5,1,0
BRDA:78,6,0,0
BRDA:78,6,1,0
BRDA:79,7,0,0
BRDA:79,7,1,0
BRDA:82,8,0,0
BRDA:82,8,1,0
BRDA:97,9,0,0
BRDA:97,9,1,0
BRDA:99,10,0,0
BRDA:99,10,1,0
BRDA:99,11,0,0
BRDA:99,11,1,0
BRDA:109,12,0,0
BRDA:109,12,1,0
BRDA:109,13,0,0
BRDA:109,13,1,0
BRDA:121,14,0,0
BRDA:121,14,1,0
BRDA:121,15,0,0
BRDA:121,15,1,0
BRDA:135,16,0,0
BRDA:135,16,1,0
BRDA:162,17,0,0
BRDA:169,18,0,0
BRDA:176,19,0,0
BRDA:183,20,0,0
BRDA:206,21,0,0
BRDA:206,21,1,0
BRDA:206,22,0,0
BRDA:206,22,1,0
BRDA:211,23,0,0
BRDA:211,23,1,0
BRDA:212,24,0,0
BRDA:212,24,1,0
BRDA:230,25,0,0
BRDA:230,25,1,0
BRF:45
BRH:0
end_of_record
TN:
SF:src\utils\logSanitizer.ts
FN:1,(anonymous_0)
FNF:1
FNH:0
FNDA:0,(anonymous_0)
DA:1,1
DA:2,0
LF:2
LH:1
BRF:0
BRH:0
end_of_record
TN:
SF:src\utils\logger.ts
FN:5,(anonymous_1)
FN:13,(anonymous_2)
FN:14,(anonymous_3)
FN:60,(anonymous_4)
FN:70,(anonymous_5)
FN:76,(anonymous_6)
FN:80,(anonymous_7)
FN:86,(anonymous_8)
FN:93,(anonymous_9)
FN:100,(anonymous_10)
FN:115,(anonymous_11)
FN:122,(anonymous_12)
FN:129,(anonymous_13)
FNF:13
FNH:4
FNDA:7,(anonymous_1)
FNDA:42,(anonymous_2)
FNDA:5,(anonymous_3)
FNDA:0,(anonymous_4)
FNDA:0,(anonymous_5)
FNDA:0,(anonymous_6)
FNDA:0,(anonymous_7)
FNDA:0,(anonymous_8)
FNDA:6,(anonymous_9)
FNDA:0,(anonymous_10)
FNDA:0,(anonymous_11)
FNDA:0,(anonymous_12)
FNDA:0,(anonymous_13)
DA:1,7
DA:2,7
DA:5,7
DA:6,7
DA:7,7
DA:9,7
DA:13,42
DA:16,5
DA:17,5
DA:18,5
DA:19,5
DA:20,5
DA:21,5
DA:37,7
DA:38,0
DA:51,7
DA:55,7
DA:58,7
DA:61,0
DA:62,0
DA:63,0
DA:64,0
DA:65,0
DA:66,0
DA:68,0
DA:71,0
DA:72,0
DA:74,0
DA:77,0
DA:80,0
DA:86,0
DA:93,7
DA:97,6
DA:100,7
DA:105,0
DA:115,7
DA:119,0
DA:122,7
DA:126,0
DA:129,7
DA:133,0
DA:136,7
LF:42
LH:24
BRDA:7,0,0,7
BRDA:7,0,1,7
BRDA:7,1,0,0
BRDA:7,1,1,7
BRDA:17,2,0,0
BRDA:17,2,1,5
BRDA:18,3,0,0
BRDA:18,3,1,5
BRDA:19,4,0,0
BRDA:19,4,1,5
BRDA:20,5,0,0
BRDA:20,5,1,5
BRDA:37,6,0,0
BRDA:37,6,1,7
BRDA:61,7,0,0
BRDA:61,7,1,0
BRDA:61,8,0,0
BRDA:61,8,1,0
BRDA:63,9,0,0
BRDA:63,9,1,0
BRDA:63,10,0,0
BRDA:63,10,1,0
BRDA:65,11,0,0
BRDA:65,11,1,0
BRDA:65,12,0,0
BRDA:65,12,1,0
BRDA:71,13,0,0
BRDA:71,13,1,0
BRF:28
BRH:8
end_of_record
TN:
SF:src\utils\performanceOptimizer.ts
FN:15,(anonymous_0)
FN:19,(anonymous_1)
FN:23,(anonymous_2)
FN:24,(anonymous_3)
FN:43,(anonymous_4)
FN:44,(anonymous_5)
FN:60,(anonymous_6)
FN:61,(anonymous_7)
FN:73,(anonymous_8)
FN:74,(anonymous_9)
FN:86,(anonymous_10)
FN:89,(anonymous_11)
FN:91,(anonymous_12)
FN:101,(anonymous_13)
FN:103,(anonymous_14)
FN:109,(anonymous_15)
FN:136,(anonymous_16)
FN:180,(anonymous_17)
FN:210,(anonymous_18)
FN:215,(anonymous_19)
FN:226,(anonymous_20)
FN:229,(anonymous_21)
FN:232,(anonymous_22)
FN:240,(anonymous_23)
FN:265,(anonymous_24)
FN:281,startPerformanceOptimization
FN:283,(anonymous_26)
FNF:27
FNH:0
FNDA:0,(anonymous_0)
FNDA:0,(anonymous_1)
FNDA:0,(anonymous_2)
FNDA:0,(anonymous_3)
FNDA:0,(anonymous_4)
FNDA:0,(anonymous_5)
FNDA:0,(anonymous_6)
FNDA:0,(anonymous_7)
FNDA:0,(anonymous_8)
FNDA:0,(anonymous_9)
FNDA:0,(anonymous_10)
FNDA:0,(anonymous_11)
FNDA:0,(anonymous_12)
FNDA:0,(anonymous_13)
FNDA:0,(anonymous_14)
FNDA:0,(anonymous_15)
FNDA:0,(anonymous_16)
FNDA:0,(anonymous_17)
FNDA:0,(anonymous_18)
FNDA:0,(anonymous_19)
FNDA:0,(anonymous_20)
FNDA:0,(anonymous_21)
FNDA:0,(anonymous_22)
FNDA:0,(anonymous_23)
FNDA:0,(anonymous_24)
FNDA:0,startPerformanceOptimization
FNDA:0,(anonymous_26)
DA:12,0
DA:13,0
DA:16,0
DA:21,0
DA:23,0
DA:25,0
DA:32,0
DA:33,0
DA:34,0
DA:41,0
DA:43,0
DA:45,0
DA:52,0
DA:58,0
DA:60,0
DA:62,0
DA:71,0
DA:73,0
DA:75,0
DA:84,0
DA:87,0
DA:88,0
DA:89,0
DA:92,0
DA:102,0
DA:103,0
DA:104,0
DA:105,0
DA:110,0
DA:112,0
DA:113,0
DA:114,0
DA:116,0
DA:117,0
DA:118,0
DA:119,0
DA:120,0
DA:121,0
DA:124,0
DA:132,0
DA:137,0
DA:140,0
DA:141,0
DA:142,0
DA:145,0
DA:146,0
DA:147,0
DA:150,0
DA:151,0
DA:152,0
DA:156,0
DA:157,0
DA:158,0
DA:162,0
DA:163,0
DA:164,0
DA:167,0
DA:168,0
DA:181,0
DA:184,0
DA:186,0
DA:189,0
DA:190,0
DA:194,0
DA:196,0
DA:199,0
DA:200,0
DA:201,0
DA:202,0
DA:206,0
DA:211,0
DA:216,0
DA:217,0
DA:219,0
DA:226,0
DA:229,0
DA:232,0
DA:241,0
DA:242,0
DA:245,0
DA:246,0
DA:247,0
DA:254,0
DA:255,0
DA:256,0
DA:264,0
DA:265,0
DA:266,0
DA:267,0
DA:274,0
DA:278,0
DA:283,0
DA:284,0
DA:285,0
DA:287,0
DA:291,0
LF:96
LH:0
BRDA:32,0,0,0
BRDA:32,0,1,0
BRDA:43,1,0,0
BRDA:43,1,1,0
BRDA:73,2,0,0
BRDA:73,2,1,0
BRDA:88,3,0,0
BRDA:88,3,1,0
BRDA:110,4,0,0
BRDA:110,4,1,0
BRDA:119,5,0,0
BRDA:119,5,1,0
BRDA:126,6,0,0
BRDA:126,6,1,0
BRDA:140,7,0,0
BRDA:140,7,1,0
BRDA:145,8,0,0
BRDA:145,8,1,0
BRDA:150,9,0,0
BRDA:150,9,1,0
BRDA:156,10,0,0
BRDA:156,10,1,0
BRDA:162,11,0,0
BRDA:162,11,1,0
BRDA:167,12,0,0
BRDA:167,12,1,0
BRDA:184,13,0,0
BRDA:184,13,1,0
BRDA:186,14,0,0
BRDA:186,14,1,0
BRDA:189,15,0,0
BRDA:189,15,1,0
BRDA:189,16,0,0
BRDA:189,16,1,0
BRDA:194,17,0,0
BRDA:194,17,1,0
BRDA:196,18,0,0
BRDA:196,18,1,0
BRDA:199,19,0,0
BRDA:199,19,1,0
BRDA:199,20,0,0
BRDA:199,20,1,0
BRDA:246,21,0,0
BRDA:246,21,1,0
BRDA:255,22,0,0
BRDA:255,22,1,0
BRDA:266,23,0,0
BRDA:266,23,1,0
BRF:48
BRH:0
end_of_record
TN:
SF:src\utils\sanitization.ts
FN:4,(anonymous_0)
FN:17,(anonymous_1)
FN:35,(anonymous_2)
FN:72,(anonymous_3)
FNF:4
FNH:4
FNDA:176,(anonymous_0)
FNDA:6,(anonymous_1)
FNDA:3,(anonymous_2)
FNDA:24,(anonymous_3)
DA:4,3
DA:5,176
DA:17,3
DA:18,6
DA:19,3
DA:23,3
DA:29,3
DA:35,3
DA:36,3
DA:37,0
DA:41,3
DA:58,3
DA:69,3
DA:72,3
DA:73,24
DA:74,24
DA:78,3
DA:79,3
DA:81,3
DA:84,3
LF:20
LH:19
BRDA:18,0,0,3
BRDA:18,0,1,3
BRDA:18,1,0,6
BRDA:18,1,1,3
BRDA:36,2,0,0
BRDA:36,2,1,3
BRDA:36,3,0,3
BRDA:36,3,1,3
BRF:8
BRH:7
end_of_record
TN:
SF:src\utils\simpleCache.ts
FN:14,(anonymous_0)
FN:17,(anonymous_1)
FN:24,(anonymous_2)
FN:43,(anonymous_3)
FN:64,(anonymous_4)
FN:72,(anonymous_5)
FN:78,(anonymous_6)
FN:93,(anonymous_7)
FN:97,(anonymous_8)
FN:117,(anonymous_9)
FN:139,(anonymous_10)
FN:149,(anonymous_11)
FN:150,(anonymous_12)
FN:171,(anonymous_13)
FNF:14
FNH:2
FNDA:1,(anonymous_0)
FNDA:0,(anonymous_1)
FNDA:0,(anonymous_2)
FNDA:0,(anonymous_3)
FNDA:0,(anonymous_4)
FNDA:0,(anonymous_5)
FNDA:0,(anonymous_6)
FNDA:0,(anonymous_7)
FNDA:0,(anonymous_8)
FNDA:0,(anonymous_9)
FNDA:0,(anonymous_10)
FNDA:1,(anonymous_11)
FNDA:0,(anonymous_12)
FNDA:0,(anonymous_13)
DA:1,1
DA:11,1
DA:16,1
DA:18,0
DA:25,0
DA:31,0
DA:33,0
DA:44,0
DA:46,0
DA:47,0
DA:48,0
DA:51,0
DA:52,0
DA:54,0
DA:55,0
DA:56,0
DA:57,0
DA:60,0
DA:61,0
DA:65,0
DA:66,0
DA:67,0
DA:69,0
DA:73,0
DA:74,0
DA:75,0
DA:79,0
DA:80,0
DA:82,0
DA:83,0
DA:85,0
DA:86,0
DA:87,0
DA:90,0
DA:94,0
DA:98,0
DA:99,0
DA:100,0
DA:102,0
DA:103,0
DA:104,0
DA:106,0
DA:110,0
DA:118,0
DA:119,0
DA:121,0
DA:122,0
DA:123,0
DA:124,0
DA:128,0
DA:129,0
DA:140,0
DA:141,0
DA:146,1
DA:149,1
DA:150,1
DA:152,0
DA:153,0
DA:157,0
DA:160,0
DA:162,0
DA:163,0
DA:164,0
DA:168,0
DA:171,0
DA:173,0
DA:174,0
DA:175,0
DA:179,0
DA:182,0
LF:70
LH:6
BRDA:24,0,0,0
BRDA:46,1,0,0
BRDA:46,1,1,0
BRDA:54,2,0,0
BRDA:54,2,1,0
BRDA:66,3,0,0
BRDA:66,3,1,0
BRDA:80,4,0,0
BRDA:80,4,1,0
BRDA:85,5,0,0
BRDA:85,5,1,0
BRDA:103,6,0,0
BRDA:103,6,1,0
BRDA:122,7,0,0
BRDA:122,7,1,0
BRDA:128,8,0,0
BRDA:128,8,1,0
BRDA:149,9,0,0
BRDA:152,10,0,0
BRDA:152,10,1,0
BRDA:157,11,0,0
BRDA:157,11,1,0
BRDA:162,12,0,0
BRDA:162,12,1,0
BRDA:173,13,0,0
BRDA:173,13,1,0
BRDA:173,14,0,0
BRDA:173,14,1,0
BRF:28
BRH:0
end_of_record
TN:
SF:src\utils\urlValidator.ts
FN:39,validateUrlFormat
FN:60,validateUrlSecurity
FN:81,(anonymous_2)
FN:92,(anonymous_3)
FN:114,checkUrlAccessibility
FN:144,(anonymous_5)
FN:217,validateUrl
FN:227,validateUrls
FN:233,(anonymous_8)
FN:245,createSafeEmailUrl
FN:254,(anonymous_10)
FNF:11
FNH:11
FNDA:17,validateUrlFormat
FNDA:19,validateUrlSecurity
FNDA:30,(anonymous_2)
FNDA:5,(anonymous_3)
FNDA:11,checkUrlAccessibility
FNDA:3,(anonymous_5)
FNDA:6,validateUrl
FNDA:1,validateUrls
FNDA:3,(anonymous_8)
FNDA:4,createSafeEmailUrl
FNDA:4,(anonymous_10)
DA:1,4
DA:2,4
DA:5,4
DA:18,4
DA:39,4
DA:43,17
DA:44,17
DA:45,14
DA:47,3
DA:60,4
DA:64,19
DA:66,19
DA:67,19
DA:70,19
DA:71,0
DA:78,19
DA:79,19
DA:81,30
DA:83,2
DA:90,17
DA:91,5
DA:92,5
DA:94,5
DA:95,1
DA:102,16
DA:104,0
DA:114,4
DA:118,11
DA:119,11
DA:121,11
DA:123,11
DA:124,11
DA:125,0
DA:132,11
DA:133,11
DA:134,0
DA:142,11
DA:143,11
DA:144,3
DA:148,11
DA:149,11
DA:158,7
DA:159,7
DA:161,7
DA:169,7
DA:170,3
DA:173,7
DA:175,4
DA:176,4
DA:178,4
DA:179,0
DA:187,4
DA:195,0
DA:196,0
DA:205,0
DA:217,4
DA:221,6
DA:227,4
DA:231,1
DA:233,1
DA:234,3
DA:235,3
DA:238,1
DA:239,1
DA:245,4
DA:250,4
DA:251,4
DA:254,3
DA:255,4
DA:258,3
DA:259,3
DA:264,3
DA:270,1
LF:73
LH:65
BRDA:50,0,0,3
BRDA:50,0,1,0
BRDA:62,1,0,3
BRDA:70,2,0,0
BRDA:70,2,1,19
BRDA:79,3,0,2
BRDA:79,3,1,17
BRDA:80,4,0,19
BRDA:80,4,1,11
BRDA:90,5,0,5
BRDA:90,5,1,12
BRDA:92,6,0,5
BRDA:92,6,1,1
BRDA:94,7,0,1
BRDA:94,7,1,4
BRDA:106,8,0,0
BRDA:106,8,1,0
BRDA:116,9,0,1
BRDA:124,10,0,0
BRDA:124,10,1,11
BRDA:133,11,0,0
BRDA:133,11,1,11
BRDA:169,12,0,3
BRDA:169,12,1,4
BRDA:178,13,0,0
BRDA:178,13,1,4
BRDA:178,14,0,4
BRDA:178,14,1,0
BRDA:190,15,0,0
BRDA:190,15,1,4
BRDA:200,16,0,0
BRDA:200,16,1,0
BRDA:208,17,0,0
BRDA:208,17,1,0
BRDA:219,18,0,0
BRDA:229,19,0,0
BRDA:248,20,0,0
BRDA:266,21,0,3
BRDA:266,21,1,3
BRDA:273,22,0,0
BRDA:273,22,1,1
BRF:41
BRH:24
end_of_record
